#
# There is insufficient memory for the Java Runtime Environment to continue.
# Native memory allocation (mmap) failed to map 65536 bytes for Failed to commit metaspace.
# Possible reasons:
#   The system is out of physical RAM or swap space
#   The process is running with CompressedOops enabled, and the Java Heap may be blocking the growth of the native heap
# Possible solutions:
#   Reduce memory load on the system
#   Increase physical memory or swap space
#   Check if swap backing store is full
#   Decrease Java heap size (-Xmx/-Xms)
#   Decrease number of Java threads
#   Decrease Java thread stack sizes (-Xss)
#   Set larger code cache with -XX:ReservedCodeCacheSize=
#   JVM is running with Zero Based Compressed Oops mode in which the Java heap is
#     placed in the first 32GB address space. The Java Heap base address is the
#     maximum limit for the native heap growth. Please use -XX:HeapBaseMinAddress
#     to set the Java Heap base and to place the Java Heap above 32GB virtual address.
# This output file may be truncated or incomplete.
#
#  Out of Memory Error (virtualSpaceNode.cpp:110), pid=16356, tid=7428
#
# JRE version: OpenJDK Runtime Environment JBR-17.0.7+10-829.16-jcef (17.0.7+10) (build 17.0.7+10-b829.16)
# Java VM: OpenJDK 64-Bit Server VM JBR-17.0.7+10-829.16-jcef (17.0.7+10-b829.16, mixed mode, tiered, compressed oops, compressed class ptrs, g1 gc, windows-amd64)
# No core dump will be written. Minidumps are not enabled by default on client versions of Windows
#

---------------  S U M M A R Y ------------

Command Line: git4idea.http.GitAskPassApp Username for 'https://github.com': 

Host: Intel(R) Core(TM) i7-8750H CPU @ 2.20GHz, 12 cores, 23G,  Windows 10 , 64 bit Build 19041 (10.0.19041.5678)
Time: Sat May 24 17:54:47 2025 Türkiye Standart Saati elapsed time: 2.164534 seconds (0d 0h 0m 2s)

---------------  T H R E A D  ---------------

Current thread (0x0000022f79350680):  JavaThread "HttpClient-1-Worker-0" daemon [_thread_in_vm, id=7428, stack(0x0000008e72500000,0x0000008e72600000)]

Stack: [0x0000008e72500000,0x0000008e72600000]
Native frames: (J=compiled Java code, j=interpreted, Vv=VM code, C=native code)
V  [jvm.dll+0x683cca]
V  [jvm.dll+0x8424b4]
V  [jvm.dll+0x843cae]
V  [jvm.dll+0x844313]
V  [jvm.dll+0x24ad2f]
V  [jvm.dll+0x83e50b]
V  [jvm.dll+0x628316]
V  [jvm.dll+0x1c29ee]
V  [jvm.dll+0x62ac61]
V  [jvm.dll+0x628cb6]
V  [jvm.dll+0x23ffe6]
V  [jvm.dll+0x1ef45d]
V  [jvm.dll+0x1e4e1c]
V  [jvm.dll+0x54a30d]
V  [jvm.dll+0x7bd9ef]
V  [jvm.dll+0x7bd934]
V  [jvm.dll+0x41408e]
V  [jvm.dll+0x4278fc]
C  [java.dll+0x1657]

Java frames: (J=compiled Java code, j=interpreted, Vv=VM code)
j  java.lang.ClassLoader.defineClass0(Ljava/lang/ClassLoader;Ljava/lang/Class;Ljava/lang/String;[BIILjava/security/ProtectionDomain;ZILjava/lang/Object;)Ljava/lang/Class;+0 java.base@17.0.7
j  java.lang.System$2.defineClass(Ljava/lang/ClassLoader;Ljava/lang/Class;Ljava/lang/String;[BLjava/security/ProtectionDomain;ZILjava/lang/Object;)Ljava/lang/Class;+17 java.base@17.0.7
j  java.lang.invoke.MethodHandles$Lookup$ClassDefiner.defineClass(ZLjava/lang/Object;)Ljava/lang/Class;+54 java.base@17.0.7
j  java.lang.invoke.InvokerBytecodeGenerator.loadMethod([B)Ljava/lang/invoke/MemberName;+16 java.base@17.0.7
j  java.lang.invoke.InvokerBytecodeGenerator.generateCustomizedCode(Ljava/lang/invoke/LambdaForm;Ljava/lang/invoke/MethodType;)Ljava/lang/invoke/MemberName;+30 java.base@17.0.7
j  java.lang.invoke.LambdaForm.compileToBytecode()V+69 java.base@17.0.7
J 593 c1 java.lang.invoke.LambdaForm.prepare()V java.base@17.0.7 (112 bytes) @ 0x0000022f542e2fec [0x0000022f542e2e40+0x00000000000001ac]
J 592 c1 java.lang.invoke.MethodHandle.<init>(Ljava/lang/invoke/MethodType;Ljava/lang/invoke/LambdaForm;)V java.base@17.0.7 (37 bytes) @ 0x0000022f542e2664 [0x0000022f542e2420+0x0000000000000244]
j  java.lang.invoke.BoundMethodHandle.<init>(Ljava/lang/invoke/MethodType;Ljava/lang/invoke/LambdaForm;)V+3 java.base@17.0.7
j  java.lang.invoke.BoundMethodHandle$Species_LLLLL.<init>(Ljava/lang/invoke/MethodType;Ljava/lang/invoke/LambdaForm;Ljava/lang/Object;Ljava/lang/Object;Ljava/lang/Object;Ljava/lang/Object;Ljava/lang/Object;)V+3 java.base@17.0.7
j  java.lang.invoke.BoundMethodHandle$Species_LLLLL.make(Ljava/lang/invoke/MethodType;Ljava/lang/invoke/LambdaForm;Ljava/lang/Object;Ljava/lang/Object;Ljava/lang/Object;Ljava/lang/Object;Ljava/lang/Object;)Ljava/lang/invoke/BoundMethodHandle;+14 java.base@17.0.7
j  java.lang.invoke.DirectMethodHandle$Holder.invokeStatic(Ljava/lang/Object;Ljava/lang/Object;Ljava/lang/Object;Ljava/lang/Object;Ljava/lang/Object;Ljava/lang/Object;Ljava/lang/Object;Ljava/lang/Object;)Ljava/lang/Object;+22 java.base@17.0.7
j  java.lang.invoke.BoundMethodHandle$Species_LLLL.copyWithExtendL(Ljava/lang/invoke/MethodType;Ljava/lang/invoke/LambdaForm;Ljava/lang/Object;)Ljava/lang/invoke/BoundMethodHandle;+26 java.base@17.0.7
j  java.lang.invoke.MethodHandles.filterArgument(Ljava/lang/invoke/MethodHandle;ILjava/lang/invoke/MethodHandle;)Ljava/lang/invoke/MethodHandle;+65 java.base@17.0.7
j  java.lang.invoke.MethodHandles.filterArguments(Ljava/lang/invoke/MethodHandle;I[Ljava/lang/invoke/MethodHandle;)Ljava/lang/invoke/MethodHandle;+178 java.base@17.0.7
j  java.lang.invoke.StringConcatFactory.generateMHInlineCopy(Ljava/lang/invoke/MethodType;Ljava/util/List;)Ljava/lang/invoke/MethodHandle;+614 java.base@17.0.7
j  java.lang.invoke.StringConcatFactory.makeConcatWithConstants(Ljava/lang/invoke/MethodHandles$Lookup;Ljava/lang/String;Ljava/lang/invoke/MethodType;Ljava/lang/String;[Ljava/lang/Object;)Ljava/lang/invoke/CallSite;+220 java.base@17.0.7
j  java.lang.invoke.DirectMethodHandle$Holder.invokeStatic(Ljava/lang/Object;Ljava/lang/Object;Ljava/lang/Object;Ljava/lang/Object;Ljava/lang/Object;Ljava/lang/Object;)Ljava/lang/Object;+18 java.base@17.0.7
j  java.lang.invoke.DelegatingMethodHandle$Holder.delegate(Ljava/lang/Object;Ljava/lang/Object;Ljava/lang/Object;Ljava/lang/Object;Ljava/lang/Object;Ljava/lang/Object;)Ljava/lang/Object;+21 java.base@17.0.7
j  java.lang.invoke.Invokers$Holder.invokeExact_MT(Ljava/lang/Object;Ljava/lang/Object;Ljava/lang/Object;Ljava/lang/Object;Ljava/lang/Object;Ljava/lang/Object;Ljava/lang/Object;)Ljava/lang/Object;+26 java.base@17.0.7
j  java.lang.invoke.BootstrapMethodInvoker.invoke(Ljava/lang/Class;Ljava/lang/invoke/MethodHandle;Ljava/lang/String;Ljava/lang/Object;Ljava/lang/Object;Ljava/lang/Class;)Ljava/lang/Object;+157 java.base@17.0.7
j  java.lang.invoke.CallSite.makeSite(Ljava/lang/invoke/MethodHandle;Ljava/lang/String;Ljava/lang/invoke/MethodType;Ljava/lang/Object;Ljava/lang/Class;)Ljava/lang/invoke/CallSite;+8 java.base@17.0.7
j  java.lang.invoke.MethodHandleNatives.linkCallSiteImpl(Ljava/lang/Class;Ljava/lang/invoke/MethodHandle;Ljava/lang/String;Ljava/lang/invoke/MethodType;Ljava/lang/Object;[Ljava/lang/Object;)Ljava/lang/invoke/MemberName;+6 java.base@17.0.7
j  java.lang.invoke.MethodHandleNatives.linkCallSite(Ljava/lang/Object;ILjava/lang/Object;Ljava/lang/Object;Ljava/lang/Object;Ljava/lang/Object;[Ljava/lang/Object;)Ljava/lang/invoke/MemberName;+46 java.base@17.0.7
v  ~StubRoutines::call_stub
j  jdk.internal.net.http.common.SSLTube.dbgString()Ljava/lang/String;+4 java.net.http@17.0.7
j  jdk.internal.net.http.common.SSLTube.toString()Ljava/lang/String;+1 java.net.http@17.0.7
J 620 c1 java.lang.StringConcatHelper.stringOf(Ljava/lang/Object;)Ljava/lang/String; java.base@17.0.7 (20 bytes) @ 0x0000022f542ec85c [0x0000022f542ec740+0x000000000000011c]
j  java.lang.invoke.DirectMethodHandle$Holder.invokeStatic(Ljava/lang/Object;Ljava/lang/Object;)Ljava/lang/Object;+10 java.base@17.0.7
j  java.lang.invoke.LambdaForm$MH+0x00000008001cdc00.invoke(Ljava/lang/Object;Ljava/lang/Object;Ljava/lang/Object;)Ljava/lang/Object;+24 java.base@17.0.7
j  java.lang.invoke.Invokers$Holder.linkToTargetMethod(Ljava/lang/Object;Ljava/lang/Object;Ljava/lang/Object;)Ljava/lang/Object;+6 java.base@17.0.7
j  jdk.internal.net.http.HttpConnection.dbgString()Ljava/lang/String;+27 java.net.http@17.0.7
j  jdk.internal.net.http.ResponseContent.<init>(Ljdk/internal/net/http/HttpConnection;JLjava/net/http/HttpHeaders;Ljava/net/http/HttpResponse$BodySubscriber;Ljava/lang/Runnable;)V+29 java.net.http@17.0.7
j  jdk.internal.net.http.Http1Response.lambda$readBody$3(JLjdk/internal/net/http/Http1Response$Http1BodySubscriber;Ljava/util/concurrent/CompletableFuture;Ljdk/internal/net/http/Http1Response$ClientRefCountTracker;)V+21 java.net.http@17.0.7
j  jdk.internal.net.http.Http1Response$$Lambda$193+0x00000008001d2b78.run()V+20 java.net.http@17.0.7
j  jdk.internal.net.http.HttpClientImpl$DelegatingExecutor.execute(Ljava/lang/Runnable;)V+26 java.net.http@17.0.7
j  jdk.internal.net.http.Http1Response.readBody(Ljava/net/http/HttpResponse$BodySubscriber;ZLjava/util/concurrent/Executor;)Ljava/util/concurrent/CompletableFuture;+204 java.net.http@17.0.7
j  jdk.internal.net.http.Http1Exchange.readBodyAsync(Ljava/net/http/HttpResponse$BodyHandler;ZLjava/util/concurrent/Executor;)Ljava/util/concurrent/CompletableFuture;+40 java.net.http@17.0.7
j  jdk.internal.net.http.Exchange.readBodyAsync(Ljava/net/http/HttpResponse$BodyHandler;)Ljava/util/concurrent/CompletableFuture;+36 java.net.http@17.0.7
j  jdk.internal.net.http.MultiExchange.lambda$responseAsync0$4(Ljdk/internal/net/http/Response;)Ljava/util/concurrent/CompletionStage;+53 java.net.http@17.0.7
j  jdk.internal.net.http.MultiExchange$$Lambda$78+0x0000000800111438.apply(Ljava/lang/Object;)Ljava/lang/Object;+8 java.net.http@17.0.7
j  java.util.concurrent.CompletableFuture$UniCompose.tryFire(I)Ljava/util/concurrent/CompletableFuture;+105 java.base@17.0.7
j  java.util.concurrent.CompletableFuture.postComplete()V+76 java.base@17.0.7
j  java.util.concurrent.CompletableFuture.postFire(Ljava/util/concurrent/CompletableFuture;I)Ljava/util/concurrent/CompletableFuture;+64 java.base@17.0.7
j  java.util.concurrent.CompletableFuture$UniApply.tryFire(I)Ljava/util/concurrent/CompletableFuture;+145 java.base@17.0.7
j  java.util.concurrent.CompletableFuture$Completion.run()V+2 java.base@17.0.7
j  jdk.internal.net.http.HttpClientImpl$DelegatingExecutor.execute(Ljava/lang/Runnable;)V+26 java.net.http@17.0.7
j  java.util.concurrent.CompletableFuture$UniCompletion.claim()Z+27 java.base@17.0.7
j  java.util.concurrent.CompletableFuture$UniApply.tryFire(I)Ljava/util/concurrent/CompletableFuture;+89 java.base@17.0.7
j  java.util.concurrent.CompletableFuture.postComplete()V+76 java.base@17.0.7
j  java.util.concurrent.CompletableFuture.complete(Ljava/lang/Object;)Z+7 java.base@17.0.7
j  jdk.internal.net.http.Http1Response$HeadersReader.handle(Ljava/nio/ByteBuffer;Ljdk/internal/net/http/Http1HeaderParser;Ljava/util/concurrent/CompletableFuture;)V+168 java.net.http@17.0.7
j  jdk.internal.net.http.Http1Response$HeadersReader.handle(Ljava/nio/ByteBuffer;Ljava/lang/Object;Ljava/util/concurrent/CompletableFuture;)V+7 java.net.http@17.0.7
j  jdk.internal.net.http.Http1Response$Receiver.accept(Ljava/nio/ByteBuffer;Ljava/lang/Object;Ljava/util/concurrent/CompletableFuture;)Z+21 java.net.http@17.0.7
j  jdk.internal.net.http.Http1Response$HeadersReader.tryAsyncReceive(Ljava/nio/ByteBuffer;)Z+39 java.net.http@17.0.7
j  jdk.internal.net.http.Http1AsyncReceiver.flush()V+198 java.net.http@17.0.7
j  jdk.internal.net.http.Http1AsyncReceiver$$Lambda$163+0x00000008001c8000.run()V+4 java.net.http@17.0.7
j  jdk.internal.net.http.common.SequentialScheduler$LockingRestartableTask.run()V+34 java.net.http@17.0.7
j  jdk.internal.net.http.common.SequentialScheduler$CompleteRestartableTask.run(Ljdk/internal/net/http/common/SequentialScheduler$DeferredCompleter;)V+1 java.net.http@17.0.7
j  jdk.internal.net.http.common.SequentialScheduler$SchedulableTask.run()V+14 java.net.http@17.0.7
j  jdk.internal.net.http.HttpClientImpl$DelegatingExecutor.execute(Ljava/lang/Runnable;)V+26 java.net.http@17.0.7
j  jdk.internal.net.http.common.SequentialScheduler.runOrSchedule(Ljdk/internal/net/http/common/SequentialScheduler$SchedulableTask;Ljava/util/concurrent/Executor;)V+94 java.net.http@17.0.7
j  jdk.internal.net.http.common.SequentialScheduler.runOrSchedule(Ljava/util/concurrent/Executor;)V+6 java.net.http@17.0.7
j  jdk.internal.net.http.Http1AsyncReceiver.asyncReceive(Ljava/nio/ByteBuffer;)V+68 java.net.http@17.0.7
j  jdk.internal.net.http.Http1AsyncReceiver$Http1TubeSubscriber.onNext(Ljava/util/List;)V+47 java.net.http@17.0.7
j  jdk.internal.net.http.Http1AsyncReceiver$Http1TubeSubscriber.onNext(Ljava/lang/Object;)V+5 java.net.http@17.0.7
j  jdk.internal.net.http.common.SSLTube$DelegateWrapper.onNext(Ljava/util/List;)V+26 java.net.http@17.0.7
j  jdk.internal.net.http.common.SSLTube$SSLSubscriberWrapper.onNext(Ljava/util/List;)V+5 java.net.http@17.0.7
j  jdk.internal.net.http.common.SSLTube$SSLSubscriberWrapper.onNext(Ljava/lang/Object;)V+5 java.net.http@17.0.7
j  jdk.internal.net.http.common.SubscriberWrapper$DownstreamPusher.run1()V+456 java.net.http@17.0.7
j  jdk.internal.net.http.common.SubscriberWrapper$DownstreamPusher.run()V+1 java.net.http@17.0.7
j  jdk.internal.net.http.common.SequentialScheduler$LockingRestartableTask.run()V+34 java.net.http@17.0.7
j  jdk.internal.net.http.common.SequentialScheduler$CompleteRestartableTask.run(Ljdk/internal/net/http/common/SequentialScheduler$DeferredCompleter;)V+1 java.net.http@17.0.7
j  jdk.internal.net.http.common.SequentialScheduler$SchedulableTask.run()V+14 java.net.http@17.0.7
j  jdk.internal.net.http.common.SequentialScheduler.runOrSchedule(Ljdk/internal/net/http/common/SequentialScheduler$SchedulableTask;Ljava/util/concurrent/Executor;)V+86 java.net.http@17.0.7
j  jdk.internal.net.http.common.SequentialScheduler.runOrSchedule()V+6 java.net.http@17.0.7
j  jdk.internal.net.http.common.SubscriberWrapper.outgoing(Ljava/util/List;Z)V+213 java.net.http@17.0.7
j  jdk.internal.net.http.common.SubscriberWrapper.outgoing(Ljava/nio/ByteBuffer;Z)V+36 java.net.http@17.0.7
j  jdk.internal.net.http.common.SSLFlowDelegate$Reader.processData()V+304 java.net.http@17.0.7
j  jdk.internal.net.http.common.SSLFlowDelegate$Reader$ReaderDownstreamPusher.run()V+4 java.net.http@17.0.7
j  jdk.internal.net.http.common.SequentialScheduler$LockingRestartableTask.run()V+34 java.net.http@17.0.7
j  jdk.internal.net.http.common.SequentialScheduler$CompleteRestartableTask.run(Ljdk/internal/net/http/common/SequentialScheduler$DeferredCompleter;)V+1 java.net.http@17.0.7
j  jdk.internal.net.http.common.SequentialScheduler$SchedulableTask.run()V+14 java.net.http@17.0.7
j  java.util.concurrent.ThreadPoolExecutor.runWorker(Ljava/util/concurrent/ThreadPoolExecutor$Worker;)V+92 java.base@17.0.7
j  java.util.concurrent.ThreadPoolExecutor$Worker.run()V+5 java.base@17.0.7
j  java.lang.Thread.run()V+11 java.base@17.0.7
v  ~StubRoutines::call_stub

---------------  P R O C E S S  ---------------

Threads class SMR info:
_java_thread_list=0x0000022f747eb0d0, length=15, elements={
0x0000022f50a875c0, 0x0000022f747d4260, 0x0000022f747d4fe0, 0x0000022f747ef390,
0x0000022f74816590, 0x0000022f7480b0d0, 0x0000022f7480bda0, 0x0000022f7480fe90,
0x0000022f74810790, 0x0000022f74826e90, 0x0000022f7498d460, 0x0000022f74997360,
0x0000022f792f4830, 0x0000022f79350680, 0x0000022f79398360
}

Java Threads: ( => current thread )
  0x0000022f50a875c0 JavaThread "main" [_thread_blocked, id=11768, stack(0x0000008e71000000,0x0000008e71100000)]
  0x0000022f747d4260 JavaThread "Reference Handler" daemon [_thread_blocked, id=34012, stack(0x0000008e71700000,0x0000008e71800000)]
  0x0000022f747d4fe0 JavaThread "Finalizer" daemon [_thread_blocked, id=11096, stack(0x0000008e71800000,0x0000008e71900000)]
  0x0000022f747ef390 JavaThread "Signal Dispatcher" daemon [_thread_blocked, id=5924, stack(0x0000008e71900000,0x0000008e71a00000)]
  0x0000022f74816590 JavaThread "Attach Listener" daemon [_thread_blocked, id=37016, stack(0x0000008e71a00000,0x0000008e71b00000)]
  0x0000022f7480b0d0 JavaThread "Service Thread" daemon [_thread_blocked, id=21164, stack(0x0000008e71b00000,0x0000008e71c00000)]
  0x0000022f7480bda0 JavaThread "Monitor Deflation Thread" daemon [_thread_blocked, id=1744, stack(0x0000008e71c00000,0x0000008e71d00000)]
  0x0000022f7480fe90 JavaThread "C2 CompilerThread0" daemon [_thread_blocked, id=2888, stack(0x0000008e71d00000,0x0000008e71e00000)]
  0x0000022f74810790 JavaThread "C1 CompilerThread0" daemon [_thread_blocked, id=14032, stack(0x0000008e71e00000,0x0000008e71f00000)]
  0x0000022f74826e90 JavaThread "Sweeper thread" daemon [_thread_blocked, id=38040, stack(0x0000008e71f00000,0x0000008e72000000)]
  0x0000022f7498d460 JavaThread "Notification Thread" daemon [_thread_blocked, id=29940, stack(0x0000008e72000000,0x0000008e72100000)]
  0x0000022f74997360 JavaThread "Common-Cleaner" daemon [_thread_blocked, id=36992, stack(0x0000008e72200000,0x0000008e72300000)]
  0x0000022f792f4830 JavaThread "HttpClient-1-SelectorManager" daemon [_thread_in_native, id=32708, stack(0x0000008e72300000,0x0000008e72400000)]
=>0x0000022f79350680 JavaThread "HttpClient-1-Worker-0" daemon [_thread_in_vm, id=7428, stack(0x0000008e72500000,0x0000008e72600000)]
  0x0000022f79398360 JavaThread "HttpClient-1-Worker-1" daemon [_thread_blocked, id=16112, stack(0x0000008e72600000,0x0000008e72700000)]

Other Threads:
  0x0000022f747b0a10 VMThread "VM Thread" [stack: 0x0000008e71600000,0x0000008e71700000] [id=15244]
  0x0000022f50b247f0 WatcherThread [stack: 0x0000008e72100000,0x0000008e72200000] [id=37828]
  0x0000022f50b10600 GCTaskThread "GC Thread#0" [stack: 0x0000008e71100000,0x0000008e71200000] [id=20452]
  0x0000022f50b1e3a0 ConcurrentGCThread "G1 Main Marker" [stack: 0x0000008e71200000,0x0000008e71300000] [id=18732]
  0x0000022f50b1f460 ConcurrentGCThread "G1 Conc#0" [stack: 0x0000008e71300000,0x0000008e71400000] [id=38168]
  0x0000022f50b4ea30 ConcurrentGCThread "G1 Refine#0" [stack: 0x0000008e71400000,0x0000008e71500000] [id=2112]
  0x0000022f743e2780 ConcurrentGCThread "G1 Service" [stack: 0x0000008e71500000,0x0000008e71600000] [id=6848]

Threads with active compile tasks:

VM state: not at safepoint (normal execution)

VM Mutex/Monitor currently owned by a thread:  ([mutex/lock_event])
[0x0000022f50a72ea0] Metaspace_lock - owner thread: 0x0000022f79350680

Heap address: 0x0000000681800000, size: 6120 MB, Compressed Oops mode: Zero based, Oop shift amount: 3

CDS archive(s) not mapped
Compressed class space mapped at: 0x0000000800000000-0x0000000840000000, reserved size: 1073741824
Narrow klass base: 0x0000000800000000, Narrow klass shift: 0, Narrow klass range: 0x40000000

GC Precious Log:
 CPUs: 12 total, 12 available
 Memory: 24467M
 Large Page Support: Disabled
 NUMA Support: Disabled
 Compressed Oops: Enabled (Zero based)
 Heap Region Size: 4M
 Heap Min Capacity: 8M
 Heap Initial Capacity: 384M
 Heap Max Capacity: 6120M
 Pre-touch: Disabled
 Parallel Workers: 10
 Concurrent Workers: 3
 Concurrent Refinement Workers: 10
 Periodic GC: Disabled

Heap:
 garbage-first heap   total 393216K, used 12288K [0x0000000681800000, 0x0000000800000000)
  region size 4096K, 4 young (16384K), 0 survivors (0K)
 Metaspace       used 16784K, committed 16960K, reserved 1114112K
  class space    used 1774K, committed 1856K, reserved 1048576K

Heap Regions: E=young(eden), S=young(survivor), O=old, HS=humongous(starts), HC=humongous(continues), CS=collection set, F=free, OA=open archive, CA=closed archive, TAMS=top-at-mark-start (previous, next)
|   0|0x0000000681800000, 0x0000000681800000, 0x0000000681c00000|  0%| F|  |TAMS 0x0000000681800000, 0x0000000681800000| Untracked 
|   1|0x0000000681c00000, 0x0000000681c00000, 0x0000000682000000|  0%| F|  |TAMS 0x0000000681c00000, 0x0000000681c00000| Untracked 
|   2|0x0000000682000000, 0x0000000682000000, 0x0000000682400000|  0%| F|  |TAMS 0x0000000682000000, 0x0000000682000000| Untracked 
|   3|0x0000000682400000, 0x0000000682400000, 0x0000000682800000|  0%| F|  |TAMS 0x0000000682400000, 0x0000000682400000| Untracked 
|   4|0x0000000682800000, 0x0000000682800000, 0x0000000682c00000|  0%| F|  |TAMS 0x0000000682800000, 0x0000000682800000| Untracked 
|   5|0x0000000682c00000, 0x0000000682c00000, 0x0000000683000000|  0%| F|  |TAMS 0x0000000682c00000, 0x0000000682c00000| Untracked 
|   6|0x0000000683000000, 0x0000000683000000, 0x0000000683400000|  0%| F|  |TAMS 0x0000000683000000, 0x0000000683000000| Untracked 
|   7|0x0000000683400000, 0x0000000683400000, 0x0000000683800000|  0%| F|  |TAMS 0x0000000683400000, 0x0000000683400000| Untracked 
|   8|0x0000000683800000, 0x0000000683800000, 0x0000000683c00000|  0%| F|  |TAMS 0x0000000683800000, 0x0000000683800000| Untracked 
|   9|0x0000000683c00000, 0x0000000683c00000, 0x0000000684000000|  0%| F|  |TAMS 0x0000000683c00000, 0x0000000683c00000| Untracked 
|  10|0x0000000684000000, 0x0000000684000000, 0x0000000684400000|  0%| F|  |TAMS 0x0000000684000000, 0x0000000684000000| Untracked 
|  11|0x0000000684400000, 0x0000000684400000, 0x0000000684800000|  0%| F|  |TAMS 0x0000000684400000, 0x0000000684400000| Untracked 
|  12|0x0000000684800000, 0x0000000684800000, 0x0000000684c00000|  0%| F|  |TAMS 0x0000000684800000, 0x0000000684800000| Untracked 
|  13|0x0000000684c00000, 0x0000000684c00000, 0x0000000685000000|  0%| F|  |TAMS 0x0000000684c00000, 0x0000000684c00000| Untracked 
|  14|0x0000000685000000, 0x0000000685000000, 0x0000000685400000|  0%| F|  |TAMS 0x0000000685000000, 0x0000000685000000| Untracked 
|  15|0x0000000685400000, 0x0000000685400000, 0x0000000685800000|  0%| F|  |TAMS 0x0000000685400000, 0x0000000685400000| Untracked 
|  16|0x0000000685800000, 0x0000000685800000, 0x0000000685c00000|  0%| F|  |TAMS 0x0000000685800000, 0x0000000685800000| Untracked 
|  17|0x0000000685c00000, 0x0000000685c00000, 0x0000000686000000|  0%| F|  |TAMS 0x0000000685c00000, 0x0000000685c00000| Untracked 
|  18|0x0000000686000000, 0x0000000686000000, 0x0000000686400000|  0%| F|  |TAMS 0x0000000686000000, 0x0000000686000000| Untracked 
|  19|0x0000000686400000, 0x0000000686400000, 0x0000000686800000|  0%| F|  |TAMS 0x0000000686400000, 0x0000000686400000| Untracked 
|  20|0x0000000686800000, 0x0000000686800000, 0x0000000686c00000|  0%| F|  |TAMS 0x0000000686800000, 0x0000000686800000| Untracked 
|  21|0x0000000686c00000, 0x0000000686c00000, 0x0000000687000000|  0%| F|  |TAMS 0x0000000686c00000, 0x0000000686c00000| Untracked 
|  22|0x0000000687000000, 0x0000000687000000, 0x0000000687400000|  0%| F|  |TAMS 0x0000000687000000, 0x0000000687000000| Untracked 
|  23|0x0000000687400000, 0x0000000687400000, 0x0000000687800000|  0%| F|  |TAMS 0x0000000687400000, 0x0000000687400000| Untracked 
|  24|0x0000000687800000, 0x0000000687800000, 0x0000000687c00000|  0%| F|  |TAMS 0x0000000687800000, 0x0000000687800000| Untracked 
|  25|0x0000000687c00000, 0x0000000687c00000, 0x0000000688000000|  0%| F|  |TAMS 0x0000000687c00000, 0x0000000687c00000| Untracked 
|  26|0x0000000688000000, 0x0000000688000000, 0x0000000688400000|  0%| F|  |TAMS 0x0000000688000000, 0x0000000688000000| Untracked 
|  27|0x0000000688400000, 0x0000000688400000, 0x0000000688800000|  0%| F|  |TAMS 0x0000000688400000, 0x0000000688400000| Untracked 
|  28|0x0000000688800000, 0x0000000688800000, 0x0000000688c00000|  0%| F|  |TAMS 0x0000000688800000, 0x0000000688800000| Untracked 
|  29|0x0000000688c00000, 0x0000000688c00000, 0x0000000689000000|  0%| F|  |TAMS 0x0000000688c00000, 0x0000000688c00000| Untracked 
|  30|0x0000000689000000, 0x0000000689000000, 0x0000000689400000|  0%| F|  |TAMS 0x0000000689000000, 0x0000000689000000| Untracked 
|  31|0x0000000689400000, 0x0000000689400000, 0x0000000689800000|  0%| F|  |TAMS 0x0000000689400000, 0x0000000689400000| Untracked 
|  32|0x0000000689800000, 0x0000000689800000, 0x0000000689c00000|  0%| F|  |TAMS 0x0000000689800000, 0x0000000689800000| Untracked 
|  33|0x0000000689c00000, 0x0000000689c00000, 0x000000068a000000|  0%| F|  |TAMS 0x0000000689c00000, 0x0000000689c00000| Untracked 
|  34|0x000000068a000000, 0x000000068a000000, 0x000000068a400000|  0%| F|  |TAMS 0x000000068a000000, 0x000000068a000000| Untracked 
|  35|0x000000068a400000, 0x000000068a400000, 0x000000068a800000|  0%| F|  |TAMS 0x000000068a400000, 0x000000068a400000| Untracked 
|  36|0x000000068a800000, 0x000000068a800000, 0x000000068ac00000|  0%| F|  |TAMS 0x000000068a800000, 0x000000068a800000| Untracked 
|  37|0x000000068ac00000, 0x000000068ac00000, 0x000000068b000000|  0%| F|  |TAMS 0x000000068ac00000, 0x000000068ac00000| Untracked 
|  38|0x000000068b000000, 0x000000068b000000, 0x000000068b400000|  0%| F|  |TAMS 0x000000068b000000, 0x000000068b000000| Untracked 
|  39|0x000000068b400000, 0x000000068b400000, 0x000000068b800000|  0%| F|  |TAMS 0x000000068b400000, 0x000000068b400000| Untracked 
|  40|0x000000068b800000, 0x000000068b800000, 0x000000068bc00000|  0%| F|  |TAMS 0x000000068b800000, 0x000000068b800000| Untracked 
|  41|0x000000068bc00000, 0x000000068bc00000, 0x000000068c000000|  0%| F|  |TAMS 0x000000068bc00000, 0x000000068bc00000| Untracked 
|  42|0x000000068c000000, 0x000000068c000000, 0x000000068c400000|  0%| F|  |TAMS 0x000000068c000000, 0x000000068c000000| Untracked 
|  43|0x000000068c400000, 0x000000068c400000, 0x000000068c800000|  0%| F|  |TAMS 0x000000068c400000, 0x000000068c400000| Untracked 
|  44|0x000000068c800000, 0x000000068c800000, 0x000000068cc00000|  0%| F|  |TAMS 0x000000068c800000, 0x000000068c800000| Untracked 
|  45|0x000000068cc00000, 0x000000068cc00000, 0x000000068d000000|  0%| F|  |TAMS 0x000000068cc00000, 0x000000068cc00000| Untracked 
|  46|0x000000068d000000, 0x000000068d000000, 0x000000068d400000|  0%| F|  |TAMS 0x000000068d000000, 0x000000068d000000| Untracked 
|  47|0x000000068d400000, 0x000000068d400000, 0x000000068d800000|  0%| F|  |TAMS 0x000000068d400000, 0x000000068d400000| Untracked 
|  48|0x000000068d800000, 0x000000068d800000, 0x000000068dc00000|  0%| F|  |TAMS 0x000000068d800000, 0x000000068d800000| Untracked 
|  49|0x000000068dc00000, 0x000000068dc00000, 0x000000068e000000|  0%| F|  |TAMS 0x000000068dc00000, 0x000000068dc00000| Untracked 
|  50|0x000000068e000000, 0x000000068e000000, 0x000000068e400000|  0%| F|  |TAMS 0x000000068e000000, 0x000000068e000000| Untracked 
|  51|0x000000068e400000, 0x000000068e400000, 0x000000068e800000|  0%| F|  |TAMS 0x000000068e400000, 0x000000068e400000| Untracked 
|  52|0x000000068e800000, 0x000000068e800000, 0x000000068ec00000|  0%| F|  |TAMS 0x000000068e800000, 0x000000068e800000| Untracked 
|  53|0x000000068ec00000, 0x000000068ec00000, 0x000000068f000000|  0%| F|  |TAMS 0x000000068ec00000, 0x000000068ec00000| Untracked 
|  54|0x000000068f000000, 0x000000068f000000, 0x000000068f400000|  0%| F|  |TAMS 0x000000068f000000, 0x000000068f000000| Untracked 
|  55|0x000000068f400000, 0x000000068f400000, 0x000000068f800000|  0%| F|  |TAMS 0x000000068f400000, 0x000000068f400000| Untracked 
|  56|0x000000068f800000, 0x000000068f800000, 0x000000068fc00000|  0%| F|  |TAMS 0x000000068f800000, 0x000000068f800000| Untracked 
|  57|0x000000068fc00000, 0x000000068fc00000, 0x0000000690000000|  0%| F|  |TAMS 0x000000068fc00000, 0x000000068fc00000| Untracked 
|  58|0x0000000690000000, 0x0000000690000000, 0x0000000690400000|  0%| F|  |TAMS 0x0000000690000000, 0x0000000690000000| Untracked 
|  59|0x0000000690400000, 0x0000000690400000, 0x0000000690800000|  0%| F|  |TAMS 0x0000000690400000, 0x0000000690400000| Untracked 
|  60|0x0000000690800000, 0x0000000690800000, 0x0000000690c00000|  0%| F|  |TAMS 0x0000000690800000, 0x0000000690800000| Untracked 
|  61|0x0000000690c00000, 0x0000000690c00000, 0x0000000691000000|  0%| F|  |TAMS 0x0000000690c00000, 0x0000000690c00000| Untracked 
|  62|0x0000000691000000, 0x0000000691000000, 0x0000000691400000|  0%| F|  |TAMS 0x0000000691000000, 0x0000000691000000| Untracked 
|  63|0x0000000691400000, 0x0000000691400000, 0x0000000691800000|  0%| F|  |TAMS 0x0000000691400000, 0x0000000691400000| Untracked 
|  64|0x0000000691800000, 0x0000000691800000, 0x0000000691c00000|  0%| F|  |TAMS 0x0000000691800000, 0x0000000691800000| Untracked 
|  65|0x0000000691c00000, 0x0000000691c00000, 0x0000000692000000|  0%| F|  |TAMS 0x0000000691c00000, 0x0000000691c00000| Untracked 
|  66|0x0000000692000000, 0x0000000692000000, 0x0000000692400000|  0%| F|  |TAMS 0x0000000692000000, 0x0000000692000000| Untracked 
|  67|0x0000000692400000, 0x0000000692400000, 0x0000000692800000|  0%| F|  |TAMS 0x0000000692400000, 0x0000000692400000| Untracked 
|  68|0x0000000692800000, 0x0000000692800000, 0x0000000692c00000|  0%| F|  |TAMS 0x0000000692800000, 0x0000000692800000| Untracked 
|  69|0x0000000692c00000, 0x0000000692c00000, 0x0000000693000000|  0%| F|  |TAMS 0x0000000692c00000, 0x0000000692c00000| Untracked 
|  70|0x0000000693000000, 0x0000000693000000, 0x0000000693400000|  0%| F|  |TAMS 0x0000000693000000, 0x0000000693000000| Untracked 
|  71|0x0000000693400000, 0x0000000693400000, 0x0000000693800000|  0%| F|  |TAMS 0x0000000693400000, 0x0000000693400000| Untracked 
|  72|0x0000000693800000, 0x0000000693800000, 0x0000000693c00000|  0%| F|  |TAMS 0x0000000693800000, 0x0000000693800000| Untracked 
|  73|0x0000000693c00000, 0x0000000693c00000, 0x0000000694000000|  0%| F|  |TAMS 0x0000000693c00000, 0x0000000693c00000| Untracked 
|  74|0x0000000694000000, 0x0000000694000000, 0x0000000694400000|  0%| F|  |TAMS 0x0000000694000000, 0x0000000694000000| Untracked 
|  75|0x0000000694400000, 0x0000000694400000, 0x0000000694800000|  0%| F|  |TAMS 0x0000000694400000, 0x0000000694400000| Untracked 
|  76|0x0000000694800000, 0x0000000694800000, 0x0000000694c00000|  0%| F|  |TAMS 0x0000000694800000, 0x0000000694800000| Untracked 
|  77|0x0000000694c00000, 0x0000000694c00000, 0x0000000695000000|  0%| F|  |TAMS 0x0000000694c00000, 0x0000000694c00000| Untracked 
|  78|0x0000000695000000, 0x0000000695000000, 0x0000000695400000|  0%| F|  |TAMS 0x0000000695000000, 0x0000000695000000| Untracked 
|  79|0x0000000695400000, 0x0000000695400000, 0x0000000695800000|  0%| F|  |TAMS 0x0000000695400000, 0x0000000695400000| Untracked 
|  80|0x0000000695800000, 0x0000000695800000, 0x0000000695c00000|  0%| F|  |TAMS 0x0000000695800000, 0x0000000695800000| Untracked 
|  81|0x0000000695c00000, 0x0000000695c00000, 0x0000000696000000|  0%| F|  |TAMS 0x0000000695c00000, 0x0000000695c00000| Untracked 
|  82|0x0000000696000000, 0x0000000696000000, 0x0000000696400000|  0%| F|  |TAMS 0x0000000696000000, 0x0000000696000000| Untracked 
|  83|0x0000000696400000, 0x0000000696400000, 0x0000000696800000|  0%| F|  |TAMS 0x0000000696400000, 0x0000000696400000| Untracked 
|  84|0x0000000696800000, 0x0000000696800000, 0x0000000696c00000|  0%| F|  |TAMS 0x0000000696800000, 0x0000000696800000| Untracked 
|  85|0x0000000696c00000, 0x0000000696c00000, 0x0000000697000000|  0%| F|  |TAMS 0x0000000696c00000, 0x0000000696c00000| Untracked 
|  86|0x0000000697000000, 0x0000000697000000, 0x0000000697400000|  0%| F|  |TAMS 0x0000000697000000, 0x0000000697000000| Untracked 
|  87|0x0000000697400000, 0x0000000697400000, 0x0000000697800000|  0%| F|  |TAMS 0x0000000697400000, 0x0000000697400000| Untracked 
|  88|0x0000000697800000, 0x0000000697800000, 0x0000000697c00000|  0%| F|  |TAMS 0x0000000697800000, 0x0000000697800000| Untracked 
|  89|0x0000000697c00000, 0x0000000697c00000, 0x0000000698000000|  0%| F|  |TAMS 0x0000000697c00000, 0x0000000697c00000| Untracked 
|  90|0x0000000698000000, 0x0000000698000000, 0x0000000698400000|  0%| F|  |TAMS 0x0000000698000000, 0x0000000698000000| Untracked 
|  91|0x0000000698400000, 0x0000000698400000, 0x0000000698800000|  0%| F|  |TAMS 0x0000000698400000, 0x0000000698400000| Untracked 
|  92|0x0000000698800000, 0x0000000698ad70e8, 0x0000000698c00000| 71%| E|  |TAMS 0x0000000698800000, 0x0000000698800000| Complete 
|  93|0x0000000698c00000, 0x0000000699000000, 0x0000000699000000|100%| E|CS|TAMS 0x0000000698c00000, 0x0000000698c00000| Complete 
|  94|0x0000000699000000, 0x0000000699400000, 0x0000000699400000|100%| E|CS|TAMS 0x0000000699000000, 0x0000000699000000| Complete 
|  95|0x0000000699400000, 0x0000000699800000, 0x0000000699800000|100%| E|CS|TAMS 0x0000000699400000, 0x0000000699400000| Complete 

Card table byte_map: [0x0000022f64350000,0x0000022f64f50000] _byte_map_base: 0x0000022f60f44000

Marking Bits (Prev, Next): (CMBitMap*) 0x0000022f50b10b20, (CMBitMap*) 0x0000022f50b10b60
 Prev Bits: [0x0000022f65b50000, 0x0000022f6baf0000)
 Next Bits: [0x0000022f6baf0000, 0x0000022f71a90000)

Polling page: 0x0000022f4ea20000

Metaspace:

Usage:
  Non-class:     14.66 MB used.
      Class:      1.73 MB used.
       Both:     16.39 MB used.

Virtual space:
  Non-class space:       64.00 MB reserved,      14.75 MB ( 23%) committed,  1 nodes.
      Class space:        1.00 GB reserved,       1.81 MB ( <1%) committed,  1 nodes.
             Both:        1.06 GB reserved,      16.56 MB (  2%) committed. 

Chunk freelists:
   Non-Class:  703.00 KB
       Class:  14.16 MB
        Both:  14.85 MB

MaxMetaspaceSize: unlimited
CompressedClassSpaceSize: 1.00 GB
Initial GC threshold: 21.00 MB
Current GC threshold: 21.00 MB
CDS: off
MetaspaceReclaimPolicy: balanced
 - commit_granule_bytes: 65536.
 - commit_granule_words: 8192.
 - virtual_space_node_default_size: 8388608.
 - enlarge_chunks_in_place: 1.
 - new_chunks_are_fully_committed: 0.
 - uncommit_free_chunks: 1.
 - use_allocation_guard: 0.
 - handle_deallocations: 1.


Internal statistics:

num_allocs_failed_limit: 0.
num_arena_births: 164.
num_arena_deaths: 0.
num_vsnodes_births: 2.
num_vsnodes_deaths: 0.
num_space_committed: 265.
num_space_uncommitted: 0.
num_chunks_returned_to_freelist: 0.
num_chunks_taken_from_freelist: 327.
num_chunk_merges: 0.
num_chunk_splits: 195.
num_chunks_enlarged: 110.
num_inconsistent_stats: 0.

CodeHeap 'non-profiled nmethods': size=120000Kb used=337Kb max_used=337Kb free=119662Kb
 bounds [0x0000022f5bcd0000, 0x0000022f5bf40000, 0x0000022f63200000]
CodeHeap 'profiled nmethods': size=120000Kb used=1813Kb max_used=1813Kb free=118186Kb
 bounds [0x0000022f54200000, 0x0000022f54470000, 0x0000022f5b730000]
CodeHeap 'non-nmethods': size=5760Kb used=1192Kb max_used=1214Kb free=4567Kb
 bounds [0x0000022f5b730000, 0x0000022f5b9a0000, 0x0000022f5bcd0000]
 total_blobs=1592 nmethods=1106 adapters=399
 compilation: enabled
              stopped_count=0, restarted_count=0
 full_count=0

Compilation events (20 events):
Event: 2.138 Thread 0x0000022f74810790 1094       3       jdk.internal.org.objectweb.asm.MethodWriter::putMethodInfo (1274 bytes)
Event: 2.143 Thread 0x0000022f74810790 nmethod 1094 0x0000022f543ba210 code [0x0000022f543ba8e0, 0x0000022f543bd248]
Event: 2.143 Thread 0x0000022f74810790 1095       3       jdk.internal.org.objectweb.asm.Handler::putExceptionTable (63 bytes)
Event: 2.144 Thread 0x0000022f74810790 nmethod 1095 0x0000022f543be510 code [0x0000022f543be720, 0x0000022f543beba8]
Event: 2.144 Thread 0x0000022f74810790 1090       3       jdk.internal.org.objectweb.asm.ClassWriter::<init> (68 bytes)
Event: 2.144 Thread 0x0000022f74810790 nmethod 1090 0x0000022f543bee90 code [0x0000022f543bf060, 0x0000022f543bf508]
Event: 2.145 Thread 0x0000022f74810790 1096   !   3       java.lang.invoke.MethodHandleNatives::linkMethodHandleConstant (50 bytes)
Event: 2.145 Thread 0x0000022f74810790 nmethod 1096 0x0000022f543bf690 code [0x0000022f543bf860, 0x0000022f543bfa48]
Event: 2.145 Thread 0x0000022f74810790 1097       3       java.lang.invoke.MethodHandles$Lookup::linkMethodHandleConstant (223 bytes)
Event: 2.149 Thread 0x0000022f74810790 nmethod 1097 0x0000022f543bfc10 code [0x0000022f543bffe0, 0x0000022f543c18c8]
Event: 2.151 Thread 0x0000022f74810790 1102       3       java.lang.invoke.LambdaFormEditor$TransformKey::bval (26 bytes)
Event: 2.151 Thread 0x0000022f74810790 nmethod 1102 0x0000022f543c2090 code [0x0000022f543c2220, 0x0000022f543c2318]
Event: 2.151 Thread 0x0000022f74810790 1103       3       java.lang.invoke.MethodHandle::intrinsicName (4 bytes)
Event: 2.152 Thread 0x0000022f74810790 nmethod 1103 0x0000022f543c2390 code [0x0000022f543c2520, 0x0000022f543c2638]
Event: 2.152 Thread 0x0000022f74810790 1104       3       java.util.ArrayList::get (15 bytes)
Event: 2.152 Thread 0x0000022f74810790 nmethod 1104 0x0000022f543c2710 code [0x0000022f543c28e0, 0x0000022f543c2c28]
Event: 2.152 Thread 0x0000022f74810790 1105       3       jdk.internal.org.objectweb.asm.Type::getReturnTypeOffset (64 bytes)
Event: 2.154 Thread 0x0000022f74810790 nmethod 1105 0x0000022f543c2e10 code [0x0000022f543c3140, 0x0000022f543c4538]
Event: 2.154 Thread 0x0000022f74810790 1106       3       java.lang.invoke.LambdaFormBuffer::changeName (149 bytes)
Event: 2.154 Thread 0x0000022f74810790 nmethod 1106 0x0000022f543c4c90 code [0x0000022f543c4e60, 0x0000022f543c53c8]

GC Heap History (0 events):
No events

Dll operation events (1 events):
Event: 0.010 Loaded shared library C:\Program Files\JetBrains\IntelliJ IDEA Community Edition 2023.1.3\jbr\bin\java.dll

Deoptimization events (20 events):
Event: 1.260 Thread 0x0000022f79350680 Uncommon trap: trap_request=0xffffffc6 fr.pc=0x0000022f5bd193a8 relative=0x00000000000000e8
Event: 1.260 Thread 0x0000022f79350680 Uncommon trap: reason=bimorphic_or_optimized_type_check action=maybe_recompile pc=0x0000022f5bd193a8 method=sun.security.util.math.intpoly.IntegerPolynomial$MutableElement.setProduct(Lsun/security/util/math/IntegerModuloP;)Lsun/security/util/math/intpoly/
Event: 1.260 Thread 0x0000022f79350680 DEOPT PACKING pc=0x0000022f5bd193a8 sp=0x0000008e725fe2d0
Event: 1.260 Thread 0x0000022f79350680 DEOPT UNPACKING pc=0x0000022f5b7869a3 sp=0x0000008e725fe1f8 mode 2
Event: 1.260 Thread 0x0000022f79350680 Uncommon trap: trap_request=0xffffffc6 fr.pc=0x0000022f5bd193a8 relative=0x00000000000000e8
Event: 1.260 Thread 0x0000022f79350680 Uncommon trap: reason=bimorphic_or_optimized_type_check action=maybe_recompile pc=0x0000022f5bd193a8 method=sun.security.util.math.intpoly.IntegerPolynomial$MutableElement.setProduct(Lsun/security/util/math/IntegerModuloP;)Lsun/security/util/math/intpoly/
Event: 1.260 Thread 0x0000022f79350680 DEOPT PACKING pc=0x0000022f5bd193a8 sp=0x0000008e725fe2d0
Event: 1.260 Thread 0x0000022f79350680 DEOPT UNPACKING pc=0x0000022f5b7869a3 sp=0x0000008e725fe1f8 mode 2
Event: 1.260 Thread 0x0000022f79350680 Uncommon trap: trap_request=0xffffffc6 fr.pc=0x0000022f5bd193a8 relative=0x00000000000000e8
Event: 1.260 Thread 0x0000022f79350680 Uncommon trap: reason=bimorphic_or_optimized_type_check action=maybe_recompile pc=0x0000022f5bd193a8 method=sun.security.util.math.intpoly.IntegerPolynomial$MutableElement.setProduct(Lsun/security/util/math/IntegerModuloP;)Lsun/security/util/math/intpoly/
Event: 1.260 Thread 0x0000022f79350680 DEOPT PACKING pc=0x0000022f5bd193a8 sp=0x0000008e725fe2d0
Event: 1.260 Thread 0x0000022f79350680 DEOPT UNPACKING pc=0x0000022f5b7869a3 sp=0x0000008e725fe1f8 mode 2
Event: 1.261 Thread 0x0000022f79350680 Uncommon trap: trap_request=0xffffffc6 fr.pc=0x0000022f5bd18f28 relative=0x00000000000000e8
Event: 1.261 Thread 0x0000022f79350680 Uncommon trap: reason=bimorphic_or_optimized_type_check action=maybe_recompile pc=0x0000022f5bd18f28 method=sun.security.util.math.intpoly.IntegerPolynomial$MutableElement.setProduct(Lsun/security/util/math/IntegerModuloP;)Lsun/security/util/math/intpoly/
Event: 1.261 Thread 0x0000022f79350680 DEOPT PACKING pc=0x0000022f5bd18f28 sp=0x0000008e725fe270
Event: 1.261 Thread 0x0000022f79350680 DEOPT UNPACKING pc=0x0000022f5b7869a3 sp=0x0000008e725fe200 mode 2
Event: 1.334 Thread 0x0000022f79350680 Uncommon trap: trap_request=0xffffff45 fr.pc=0x0000022f5bcea834 relative=0x00000000000009b4
Event: 1.334 Thread 0x0000022f79350680 Uncommon trap: reason=unstable_if action=reinterpret pc=0x0000022f5bcea834 method=java.util.HashMap.putVal(ILjava/lang/Object;Ljava/lang/Object;ZZ)Ljava/lang/Object; @ 81 c2
Event: 1.334 Thread 0x0000022f79350680 DEOPT PACKING pc=0x0000022f5bcea834 sp=0x0000008e725fe590
Event: 1.334 Thread 0x0000022f79350680 DEOPT UNPACKING pc=0x0000022f5b7869a3 sp=0x0000008e725fe530 mode 2

Classes unloaded (0 events):
No events

Classes redefined (0 events):
No events

Internal exceptions (20 events):
Event: 0.495 Thread 0x0000022f50a875c0 Exception <a 'java/lang/NoSuchMethodError'{0x000000069907bfd8}: 'java.lang.Object java.lang.invoke.DirectMethodHandle$Holder.invokeStaticInit(java.lang.Object, int, int, int, int)'> (0x000000069907bfd8) 
thrown [s\src\hotspot\share\interpreter\linkResolver.cpp, line 771]
Event: 0.618 Thread 0x0000022f50a875c0 Exception <a 'java/lang/NoSuchMethodError'{0x000000069912cfe0}: 'java.lang.Object java.lang.invoke.DirectMethodHandle$Holder.invokeStaticInit(java.lang.Object, java.lang.Object, int, int, int, int)'> (0x000000069912cfe0) 
thrown [s\src\hotspot\share\interpreter\linkResolver.cpp, line 771]
Event: 0.642 Thread 0x0000022f50a875c0 Exception <a 'java/lang/NoSuchMethodError'{0x0000000699195db0}: 'java.lang.Object java.lang.invoke.DirectMethodHandle$Holder.invokeStatic(java.lang.Object, java.lang.Object, int)'> (0x0000000699195db0) 
thrown [s\src\hotspot\share\interpreter\linkResolver.cpp, line 771]
Event: 0.643 Thread 0x0000022f50a875c0 Exception <a 'java/lang/NoSuchMethodError'{0x0000000699199528}: 'java.lang.Object java.lang.invoke.DirectMethodHandle$Holder.invokeStaticInit(java.lang.Object, java.lang.Object, int)'> (0x0000000699199528) 
thrown [s\src\hotspot\share\interpreter\linkResolver.cpp, line 771]
Event: 0.644 Thread 0x0000022f50a875c0 Exception <a 'java/lang/NoSuchMethodError'{0x000000069919f8d8}: 'java.lang.Object java.lang.invoke.DirectMethodHandle$Holder.newInvokeSpecial(java.lang.Object, java.lang.Object, int)'> (0x000000069919f8d8) 
thrown [s\src\hotspot\share\interpreter\linkResolver.cpp, line 771]
Event: 0.649 Thread 0x0000022f50a875c0 Exception <a 'java/lang/NoSuchMethodError'{0x00000006991af2d8}: 'int java.lang.invoke.DirectMethodHandle$Holder.invokeStaticInit(java.lang.Object, java.lang.Object, java.lang.Object)'> (0x00000006991af2d8) 
thrown [s\src\hotspot\share\interpreter\linkResolver.cpp, line 771]
Event: 0.653 Thread 0x0000022f50a875c0 Exception <a 'java/lang/NoSuchMethodError'{0x00000006991bf4b8}: 'int java.lang.invoke.DirectMethodHandle$Holder.invokeSpecial(java.lang.Object, java.lang.Object, java.lang.Object)'> (0x00000006991bf4b8) 
thrown [s\src\hotspot\share\interpreter\linkResolver.cpp, line 771]
Event: 0.656 Thread 0x0000022f50a875c0 Exception <a 'java/lang/NoSuchMethodError'{0x00000006991c7898}: 'int java.lang.invoke.DirectMethodHandle$Holder.invokeSpecialIFC(java.lang.Object, java.lang.Object, java.lang.Object)'> (0x00000006991c7898) 
thrown [s\src\hotspot\share\interpreter\linkResolver.cpp, line 771]
Event: 0.721 Thread 0x0000022f50a875c0 Exception <a 'java/lang/NoSuchMethodError'{0x0000000699254360}: 'java.lang.Object java.lang.invoke.DirectMethodHandle$Holder.invokeStaticInit(java.lang.Object)'> (0x0000000699254360) 
thrown [s\src\hotspot\share\interpreter\linkResolver.cpp, line 771]
Event: 0.856 Thread 0x0000022f50a875c0 Exception <a 'java/lang/NoSuchMethodError'{0x00000006993930d0}: 'java.lang.Object java.lang.invoke.DirectMethodHandle$Holder.newInvokeSpecial(java.lang.Object, java.lang.Object, java.lang.Object, java.lang.Object, java.lang.Object)'> (0x00000006993930d0) 
thrown [s\src\hotspot\share\interpreter\linkResolver.cpp, line 771]
Event: 0.918 Thread 0x0000022f50a875c0 Exception <a 'java/lang/NoSuchMethodError'{0x0000000698d7dea0}: 'java.lang.Object java.lang.invoke.DirectMethodHandle$Holder.invokeSpecial(java.lang.Object, java.lang.Object, java.lang.Object, java.lang.Object, int)'> (0x0000000698d7dea0) 
thrown [s\src\hotspot\share\interpreter\linkResolver.cpp, line 771]
Event: 0.918 Thread 0x0000022f50a875c0 Exception <a 'java/lang/NoSuchMethodError'{0x0000000698d81a68}: 'java.lang.Object java.lang.invoke.Invokers$Holder.linkToTargetMethod(java.lang.Object, java.lang.Object, int, java.lang.Object)'> (0x0000000698d81a68) 
thrown [s\src\hotspot\share\interpreter\linkResolver.cpp, line 771]
Event: 0.933 Thread 0x0000022f50a875c0 Exception <a 'java/lang/NoSuchMethodError'{0x0000000698de18f0}: 'void java.lang.invoke.DirectMethodHandle$Holder.invokeSpecial(java.lang.Object, java.lang.Object, java.lang.Object)'> (0x0000000698de18f0) 
thrown [s\src\hotspot\share\interpreter\linkResolver.cpp, line 771]
Event: 0.956 Thread 0x0000022f50a875c0 Exception <a 'java/lang/NoSuchMethodError'{0x0000000698e68cc0}: 'void java.lang.invoke.DirectMethodHandle$Holder.invokeSpecial(java.lang.Object, java.lang.Object, java.lang.Object, java.lang.Object, java.lang.Object)'> (0x0000000698e68cc0) 
thrown [s\src\hotspot\share\interpreter\linkResolver.cpp, line 771]
Event: 0.959 Thread 0x0000022f792f4830 Exception <a 'java/lang/NoSuchMethodError'{0x00000006993c3b68}: 'void java.lang.invoke.DirectMethodHandle$Holder.invokeStatic(java.lang.Object, java.lang.Object, int)'> (0x00000006993c3b68) 
thrown [s\src\hotspot\share\interpreter\linkResolver.cpp, line 771]
Event: 0.970 Thread 0x0000022f79350680 Exception <a 'java/lang/NoSuchMethodError'{0x0000000698f05ee8}: 'void java.lang.invoke.DirectMethodHandle$Holder.invokeInterface(java.lang.Object, java.lang.Object, java.lang.Object)'> (0x0000000698f05ee8) 
thrown [s\src\hotspot\share\interpreter\linkResolver.cpp, line 771]
Event: 0.974 Thread 0x0000022f79350680 Exception <a 'java/lang/NoSuchMethodError'{0x0000000698f1c3d0}: 'int java.lang.invoke.DirectMethodHandle$Holder.invokeStaticInit(java.lang.Object, int, int)'> (0x0000000698f1c3d0) 
thrown [s\src\hotspot\share\interpreter\linkResolver.cpp, line 771]
Event: 0.983 Thread 0x0000022f79350680 Exception <a 'java/lang/NoSuchMethodError'{0x0000000698f5edf8}: 'void java.lang.invoke.DirectMethodHandle$Holder.invokeVirtual(java.lang.Object, java.lang.Object)'> (0x0000000698f5edf8) 
thrown [s\src\hotspot\share\interpreter\linkResolver.cpp, line 771]
Event: 1.151 Thread 0x0000022f79350680 Exception <a 'java/lang/NoSuchMethodError'{0x00000006988884a0}: 'void java.lang.invoke.DirectMethodHandle$Holder.invokeInterface(java.lang.Object, java.lang.Object)'> (0x00000006988884a0) 
thrown [s\src\hotspot\share\interpreter\linkResolver.cpp, line 771]
Event: 1.282 Thread 0x0000022f79350680 Exception <a 'java/lang/NoSuchMethodError'{0x0000000698909180}: 'void java.lang.invoke.DirectMethodHandle$Holder.invokeStatic(java.lang.Object, java.lang.Object, java.lang.Object, java.lang.Object)'> (0x0000000698909180) 
thrown [s\src\hotspot\share\interpreter\linkResolver.cpp, line 771]

VM Operations (10 events):
Event: 0.180 Executing VM operation: HandshakeAllThreads
Event: 0.180 Executing VM operation: HandshakeAllThreads done
Event: 0.199 Executing VM operation: HandshakeAllThreads
Event: 0.199 Executing VM operation: HandshakeAllThreads done
Event: 0.515 Executing VM operation: HandshakeAllThreads
Event: 0.515 Executing VM operation: HandshakeAllThreads done
Event: 0.727 Executing VM operation: HandshakeAllThreads
Event: 0.727 Executing VM operation: HandshakeAllThreads done
Event: 1.729 Executing VM operation: Cleanup
Event: 1.729 Executing VM operation: Cleanup done

Events (20 events):
Event: 2.136 loading class java/util/function/ToLongFunction
Event: 2.136 loading class java/util/function/ToLongFunction done
Event: 2.137 loading class java/util/stream/ReferencePipeline$5
Event: 2.137 loading class java/util/stream/LongPipeline$StatelessOp
Event: 2.137 loading class java/util/stream/LongPipeline
Event: 2.138 loading class java/util/stream/LongStream
Event: 2.138 loading class java/util/stream/LongStream done
Event: 2.142 loading class java/util/stream/LongPipeline done
Event: 2.142 loading class java/util/stream/LongPipeline$StatelessOp done
Event: 2.142 loading class java/util/stream/ReferencePipeline$5 done
Event: 2.142 loading class java/util/stream/FindOps$FindSink$OfLong
Event: 2.142 loading class java/util/stream/Sink$OfLong
Event: 2.142 loading class java/util/function/LongConsumer
Event: 2.142 loading class java/util/function/LongConsumer done
Event: 2.142 loading class java/util/stream/Sink$OfLong done
Event: 2.142 loading class java/util/stream/FindOps$FindSink$OfLong done
Event: 2.142 loading class java/util/OptionalLong
Event: 2.143 loading class java/util/OptionalLong done
Event: 2.144 loading class java/util/stream/ReferencePipeline$5$1
Event: 2.144 loading class java/util/stream/ReferencePipeline$5$1 done


Dynamic libraries:
0x00007ff666150000 - 0x00007ff66615a000 	C:\Program Files\JetBrains\IntelliJ IDEA Community Edition 2023.1.3\jbr\bin\java.exe
0x00007ffbcb130000 - 0x00007ffbcb328000 	C:\WINDOWS\SYSTEM32\ntdll.dll
0x00007ffbca400000 - 0x00007ffbca4c2000 	C:\WINDOWS\System32\KERNEL32.DLL
0x00007ffbc8c20000 - 0x00007ffbc8f16000 	C:\WINDOWS\System32\KERNELBASE.dll
0x00007ffbc8a70000 - 0x00007ffbc8b70000 	C:\WINDOWS\System32\ucrtbase.dll
0x00007ffbb3330000 - 0x00007ffbb334b000 	C:\Program Files\JetBrains\IntelliJ IDEA Community Edition 2023.1.3\jbr\bin\VCRUNTIME140.dll
0x00007ffbb8770000 - 0x00007ffbb8787000 	C:\Program Files\JetBrains\IntelliJ IDEA Community Edition 2023.1.3\jbr\bin\jli.dll
0x00007ffbcad90000 - 0x00007ffbcaf2d000 	C:\WINDOWS\System32\USER32.dll
0x00007ffbae4d0000 - 0x00007ffbae76a000 	C:\WINDOWS\WinSxS\amd64_microsoft.windows.common-controls_6595b64144ccf1df_6.0.19041.4355_none_60b8b9eb71f62e16\COMCTL32.dll
0x00007ffbc9120000 - 0x00007ffbc9142000 	C:\WINDOWS\System32\win32u.dll
0x00007ffbc9580000 - 0x00007ffbc95ab000 	C:\WINDOWS\System32\GDI32.dll
0x00007ffbcacf0000 - 0x00007ffbcad8e000 	C:\WINDOWS\System32\msvcrt.dll
0x00007ffbc8fb0000 - 0x00007ffbc90ca000 	C:\WINDOWS\System32\gdi32full.dll
0x00007ffbc8920000 - 0x00007ffbc89bd000 	C:\WINDOWS\System32\msvcp_win.dll
0x00007ffbcb0c0000 - 0x00007ffbcb0ef000 	C:\WINDOWS\System32\IMM32.DLL
0x00007ffbc0950000 - 0x00007ffbc095c000 	C:\Program Files\JetBrains\IntelliJ IDEA Community Edition 2023.1.3\jbr\bin\vcruntime140_1.dll
0x00007ffb8c6e0000 - 0x00007ffb8c76d000 	C:\Program Files\JetBrains\IntelliJ IDEA Community Edition 2023.1.3\jbr\bin\msvcp140.dll
0x00007ffb45670000 - 0x00007ffb462de000 	C:\Program Files\JetBrains\IntelliJ IDEA Community Edition 2023.1.3\jbr\bin\server\jvm.dll
0x00007ffbc92d0000 - 0x00007ffbc937f000 	C:\WINDOWS\System32\ADVAPI32.dll
0x00007ffbc91c0000 - 0x00007ffbc925f000 	C:\WINDOWS\System32\sechost.dll
0x00007ffbc9450000 - 0x00007ffbc9573000 	C:\WINDOWS\System32\RPCRT4.dll
0x00007ffbc89c0000 - 0x00007ffbc89e7000 	C:\WINDOWS\System32\bcrypt.dll
0x00007ffbba960000 - 0x00007ffbba969000 	C:\WINDOWS\SYSTEM32\WSOCK32.dll
0x00007ffbb8d60000 - 0x00007ffbb8d87000 	C:\WINDOWS\SYSTEM32\WINMM.dll
0x00007ffbbee90000 - 0x00007ffbbee9a000 	C:\WINDOWS\SYSTEM32\VERSION.dll
0x00007ffbc9f40000 - 0x00007ffbc9fab000 	C:\WINDOWS\System32\WS2_32.dll
0x00007ffbc6600000 - 0x00007ffbc6612000 	C:\WINDOWS\SYSTEM32\kernel.appcore.dll
0x00007ffbc2670000 - 0x00007ffbc267a000 	C:\Program Files\JetBrains\IntelliJ IDEA Community Edition 2023.1.3\jbr\bin\jimage.dll
0x00007ffbbe060000 - 0x00007ffbbe244000 	C:\WINDOWS\SYSTEM32\DBGHELP.DLL
0x00007ffbbdca0000 - 0x00007ffbbdcd4000 	C:\WINDOWS\SYSTEM32\dbgcore.DLL
0x00007ffbc8f20000 - 0x00007ffbc8fa2000 	C:\WINDOWS\System32\bcryptPrimitives.dll
0x00007ffbbd210000 - 0x00007ffbbd235000 	C:\Program Files\JetBrains\IntelliJ IDEA Community Edition 2023.1.3\jbr\bin\java.dll
0x00007ffbc08f0000 - 0x00007ffbc0908000 	C:\Program Files\JetBrains\IntelliJ IDEA Community Edition 2023.1.3\jbr\bin\zip.dll
0x00007ffbca580000 - 0x00007ffbcacef000 	C:\WINDOWS\System32\SHELL32.dll
0x00007ffbc6800000 - 0x00007ffbc6fa3000 	C:\WINDOWS\SYSTEM32\windows.storage.dll
0x00007ffbc9be0000 - 0x00007ffbc9f35000 	C:\WINDOWS\System32\combase.dll
0x00007ffbc80a0000 - 0x00007ffbc80cb000 	C:\WINDOWS\SYSTEM32\Wldp.dll
0x00007ffbc9b10000 - 0x00007ffbc9bdd000 	C:\WINDOWS\System32\OLEAUT32.dll
0x00007ffbc9380000 - 0x00007ffbc942d000 	C:\WINDOWS\System32\SHCORE.dll
0x00007ffbc95b0000 - 0x00007ffbc9605000 	C:\WINDOWS\System32\shlwapi.dll
0x00007ffbc86f0000 - 0x00007ffbc8715000 	C:\WINDOWS\SYSTEM32\profapi.dll
0x00007ffbbd670000 - 0x00007ffbbd689000 	C:\Program Files\JetBrains\IntelliJ IDEA Community Edition 2023.1.3\jbr\bin\net.dll
0x00007ffbc0a30000 - 0x00007ffbc0b3a000 	C:\WINDOWS\SYSTEM32\WINHTTP.dll
0x00007ffbc7e20000 - 0x00007ffbc7e8c000 	C:\WINDOWS\system32\mswsock.dll
0x00007ffbb8ac0000 - 0x00007ffbb8ad6000 	C:\Program Files\JetBrains\IntelliJ IDEA Community Edition 2023.1.3\jbr\bin\nio.dll
0x00007ffbc0930000 - 0x00007ffbc093e000 	C:\Program Files\JetBrains\IntelliJ IDEA Community Edition 2023.1.3\jbr\bin\sunmscapi.dll
0x00007ffbc87c0000 - 0x00007ffbc891d000 	C:\WINDOWS\System32\CRYPT32.dll
0x00007ffbc8260000 - 0x00007ffbc8287000 	C:\WINDOWS\SYSTEM32\ncrypt.dll
0x00007ffbc8220000 - 0x00007ffbc825b000 	C:\WINDOWS\SYSTEM32\NTASN1.dll
0x00007ffbc80e0000 - 0x00007ffbc80f8000 	C:\WINDOWS\SYSTEM32\CRYPTSP.dll
0x00007ffbc7760000 - 0x00007ffbc7798000 	C:\WINDOWS\system32\rsaenh.dll
0x00007ffbc8670000 - 0x00007ffbc869e000 	C:\WINDOWS\SYSTEM32\USERENV.dll
0x00007ffbc8010000 - 0x00007ffbc801c000 	C:\WINDOWS\SYSTEM32\CRYPTBASE.dll
0x00007ffbc7b20000 - 0x00007ffbc7b5b000 	C:\WINDOWS\SYSTEM32\IPHLPAPI.DLL
0x00007ffbc9fb0000 - 0x00007ffbc9fb8000 	C:\WINDOWS\System32\NSI.dll
0x00007ffbc1ee0000 - 0x00007ffbc1ef7000 	C:\WINDOWS\SYSTEM32\dhcpcsvc6.DLL
0x00007ffbc1ec0000 - 0x00007ffbc1edd000 	C:\WINDOWS\SYSTEM32\dhcpcsvc.DLL
0x00007ffbc7b60000 - 0x00007ffbc7c2a000 	C:\WINDOWS\SYSTEM32\DNSAPI.dll
0x00007ffba0910000 - 0x00007ffba0917000 	C:\WINDOWS\system32\wshunix.dll

dbghelp: loaded successfully - version: 4.0.5 - missing functions: none
symbol engine: initialized successfully - sym options: 0x614 - pdb path: .;C:\Program Files\JetBrains\IntelliJ IDEA Community Edition 2023.1.3\jbr\bin;C:\WINDOWS\SYSTEM32;C:\WINDOWS\WinSxS\amd64_microsoft.windows.common-controls_6595b64144ccf1df_6.0.19041.4355_none_60b8b9eb71f62e16;C:\Program Files\JetBrains\IntelliJ IDEA Community Edition 2023.1.3\jbr\bin\server

VM Arguments:
java_command: git4idea.http.GitAskPassApp Username for 'https://github.com': 
java_class_path (initial): C:/Program Files/JetBrains/IntelliJ IDEA Community Edition 2023.1.3/plugins/vcs-git/lib/git4idea-rt.jar;C:/Program Files/JetBrains/IntelliJ IDEA Community Edition 2023.1.3/lib/externalProcess-rt.jar
Launcher Type: SUN_STANDARD

[Global flags]
     intx CICompilerCount                          = 4                                         {product} {ergonomic}
     uint ConcGCThreads                            = 3                                         {product} {ergonomic}
     uint G1ConcRefinementThreads                  = 10                                        {product} {ergonomic}
   size_t G1HeapRegionSize                         = 4194304                                   {product} {ergonomic}
    uintx GCDrainStackTargetSize                   = 64                                        {product} {ergonomic}
   size_t InitialHeapSize                          = 402653184                                 {product} {ergonomic}
   size_t MarkStackSize                            = 4194304                                   {product} {ergonomic}
   size_t MaxHeapSize                              = 6417285120                                {product} {ergonomic}
   size_t MaxNewSize                               = 3850371072                                {product} {ergonomic}
   size_t MinHeapDeltaBytes                        = 4194304                                   {product} {ergonomic}
   size_t MinHeapSize                              = 8388608                                   {product} {ergonomic}
    uintx NonNMethodCodeHeapSize                   = 5839372                                {pd product} {ergonomic}
    uintx NonProfiledCodeHeapSize                  = 122909434                              {pd product} {ergonomic}
    uintx ProfiledCodeHeapSize                     = 122909434                              {pd product} {ergonomic}
    uintx ReservedCodeCacheSize                    = 251658240                              {pd product} {ergonomic}
     bool SegmentedCodeCache                       = true                                      {product} {ergonomic}
   size_t SoftMaxHeapSize                          = 6417285120                             {manageable} {ergonomic}
     bool UseCompressedClassPointers               = true                           {product lp64_product} {ergonomic}
     bool UseCompressedOops                        = true                           {product lp64_product} {ergonomic}
     bool UseG1GC                                  = true                                      {product} {ergonomic}
     bool UseLargePagesIndividualAllocation        = false                                  {pd product} {ergonomic}

Logging:
Log output configuration:
 #0: stdout all=warning uptime,level,tags
 #1: stderr all=off uptime,level,tags

Environment Variables:
JAVA_HOME=C:\Program Files\Java\jdk1.8.0_181
PATH=C:/Program Files/Git/mingw64/libexec/git-core;C:/Program Files/Git/mingw64/libexec/git-core;C:\Program Files\Git\mingw64\bin;C:\Program Files\Git\usr\bin;C:\Users\aygar\bin;C:\Program Files\Java\jdk1.8.0_181\bin;C:\Program Files\Common Files\Oracle\Java\javapath;C:\Program Files (x86)\Common Files\Oracle\Java\javapath;C:\Program Files (x86)\Intel\Intel(R) Management Engine Components\iCLS\;C:\Program Files\Intel\Intel(R) Management Engine Components\iCLS\;C:\Windows\system32;C:\Windows;C:\Windows\System32\Wbem;C:\Windows\System32\WindowsPowerShell\v1.0\;C:\Windows\System32\OpenSSH\;C:\Program Files (x86)\NVIDIA Corporation\PhysX\Common;C:\Program Files\Intel\WiFi\bin\;C:\Program Files\Common Files\Intel\WirelessCommon\;C:\Program Files (x86)\Intel\Intel(R) Management Engine Components\DAL;C:\Program Files\Intel\Intel(R) Management Engine Components\DAL;C:\Program Files\Git\cmd;C:\WINDOWS\system32;C:\WINDOWS;C:\WINDOWS\System32\Wbem;C:\WINDOWS\System32\WindowsPowerShell\v1.0\;C:\WINDOWS\System32\OpenSSH\;C:\Program Files (x86)\Yarn\bin\;C:\Program Files\nodejs\;C:\Program Files\Docker\Docker\resources\bin;C:\Users\aygar\AppData\Local\Microsoft\WindowsApps;C:\Program Files\Intel\WiFi\bin\;C:\Program Files\Common Files\Intel\WirelessCommon\;C:\Users\aygar\AppData\Local\Programs\Microsoft VS Code\bin;C:\Users\aygar\AppData\Local\Yarn\bin;C:\Users\aygar\AppData\Roaming\npm;C:\Users\aygar\AppData\Local\Programs\cursor\resources\app\bin
USERNAME=aygar
DISPLAY=:0.0
LC_ALL=en_US.UTF-8
TERM=cygwin
TMPDIR=C:\Users\aygar\AppData\Local\Temp
OS=Windows_NT
PROCESSOR_IDENTIFIER=Intel64 Family 6 Model 158 Stepping 10, GenuineIntel
TMP=C:\Users\aygar\AppData\Local\Temp
TEMP=C:\Users\aygar\AppData\Local\Temp


JNI global refs:
JNI global refs: 20, weak refs: 0

JNI global refs memory usage: 843, weak refs: 841


---------------  S Y S T E M  ---------------

OS:
 Windows 10 , 64 bit Build 19041 (10.0.19041.5678)
OS uptime: 34 days 23:26 hours
Hyper-V role detected

CPU: total 12 (initial active 12) (6 cores per cpu, 2 threads per core) family 6 model 158 stepping 10 microcode 0xb4, cx8, cmov, fxsr, ht, mmx, 3dnowpref, sse, sse2, sse3, ssse3, sse4.1, sse4.2, popcnt, lzcnt, tsc, tscinvbit, avx, avx2, aes, erms, clmul, bmi1, bmi2, adx, fma, vzeroupper, clflush, clflushopt, hv

Memory: 4k page, system-wide physical 24467M (988M free)
TotalPageFile size 54914M (AvailPageFile size 0M)
current process WorkingSet (physical memory assigned to process): 71M, peak: 71M
current process commit charge ("private bytes"): 492M, peak: 492M

vm_info: OpenJDK 64-Bit Server VM (17.0.7+10-b829.16) for windows-amd64 JRE (17.0.7+10-b829.16), built on 2023-06-02 by "builduser" with MS VC++ 16.10 / 16.11 (VS2019)

END.
