#
# There is insufficient memory for the Java Runtime Environment to continue.
# Native memory allocation (mmap) failed to map 402653184 bytes for G1 virtual space
# Possible reasons:
#   The system is out of physical RAM or swap space
#   The process is running with CompressedOops enabled, and the Java Heap may be blocking the growth of the native heap
# Possible solutions:
#   Reduce memory load on the system
#   Increase physical memory or swap space
#   Check if swap backing store is full
#   Decrease Java heap size (-Xmx/-Xms)
#   Decrease number of Java threads
#   Decrease Java thread stack sizes (-Xss)
#   Set larger code cache with -XX:ReservedCodeCacheSize=
#   JVM is running with Zero Based Compressed Oops mode in which the Java heap is
#     placed in the first 32GB address space. The Java Heap base address is the
#     maximum limit for the native heap growth. Please use -XX:HeapBaseMinAddress
#     to set the Java Heap base and to place the Java Heap above 32GB virtual address.
# This output file may be truncated or incomplete.
#
#  Out of Memory Error (os_windows.cpp:3600), pid=11720, tid=21056
#
# JRE version:  (21.0.2+13) (build )
# Java VM: OpenJDK 64-Bit Server VM (21.0.2+13-58, mixed mode, sharing, tiered, compressed oops, compressed class ptrs, g1 gc, windows-amd64)
# No core dump will be written. Minidumps are not enabled by default on client versions of Windows
#

---------------  S U M M A R Y ------------

Command Line: -Dspring.profiles.active=local -agentlib:jdwp=transport=dt_socket,server=n,suspend=y,address=127.0.0.1:60987 -Dfile.encoding=windows-1254 -Duser.country=TR -Duser.language=tr -Duser.variant com.game.find.word.Application

Host: Intel(R) Core(TM) i7-8750H CPU @ 2.20GHz, 12 cores, 23G,  Windows 10 , 64 bit Build 19041 (10.0.19041.5678)
Time: Sun Sep  7 16:24:41 2025 Türkiye Standart Saati elapsed time: 0.026481 seconds (0d 0h 0m 0s)

---------------  T H R E A D  ---------------

Current thread (0x0000028c2ab15450):  JavaThread "Unknown thread" [_thread_in_vm, id=21056, stack(0x000000f706000000,0x000000f706100000) (1024K)]

Stack: [0x000000f706000000,0x000000f706100000]
Native frames: (J=compiled Java code, j=interpreted, Vv=VM code, C=native code)
V  [jvm.dll+0x6cade9]
V  [jvm.dll+0x8569c1]
V  [jvm.dll+0x858d2e]
V  [jvm.dll+0x859413]
V  [jvm.dll+0x280e56]
V  [jvm.dll+0x6c74d5]
V  [jvm.dll+0x6bbeca]
V  [jvm.dll+0x355bca]
V  [jvm.dll+0x35d816]
V  [jvm.dll+0x3ae67e]
V  [jvm.dll+0x3ae928]
V  [jvm.dll+0x3295dc]
V  [jvm.dll+0x32a16b]
V  [jvm.dll+0x81efa9]
V  [jvm.dll+0x3bba01]
V  [jvm.dll+0x807928]
V  [jvm.dll+0x44f50e]
V  [jvm.dll+0x450e11]
C  [jli.dll+0x52a3]
C  [ucrtbase.dll+0x21bb2]
C  [KERNEL32.DLL+0x17374]
C  [ntdll.dll+0x4cc91]


---------------  P R O C E S S  ---------------

Threads class SMR info:
_java_thread_list=0x00007fff539abb88, length=0, elements={
}

Java Threads: ( => current thread )
Total: 0

Other Threads:
  0x0000028c2ab97580 WorkerThread "GC Thread#0"                     [id=32940, stack(0x000000f706100000,0x000000f706200000) (1024K)]
  0x0000028c2aba46e0 ConcurrentGCThread "G1 Main Marker"            [id=26980, stack(0x000000f706200000,0x000000f706300000) (1024K)]
  0x0000028c2aba5980 WorkerThread "G1 Conc#0"                       [id=24004, stack(0x000000f706300000,0x000000f706400000) (1024K)]

[error occurred during error reporting (printing all threads), id 0xc0000005, EXCEPTION_ACCESS_VIOLATION (0xc0000005) at pc=0x00007fff5311c6a7]
VM state: not at safepoint (not fully initialized)

VM Mutex/Monitor currently owned by a thread:  ([mutex/lock_event])
[0x00007fff53a1ce68] Heap_lock - owner thread: 0x0000028c2ab15450

Heap address: 0x0000000682000000, size: 6112 MB, Compressed Oops mode: Zero based, Oop shift amount: 3

CDS archive(s) mapped at: [0x0000000000000000-0x0000000000000000-0x0000000000000000), size 0, SharedBaseAddress: 0x0000000800000000, ArchiveRelocationMode: 1.
Narrow klass base: 0x0000000000000000, Narrow klass shift: 0, Narrow klass range: 0x0

GC Precious Log:
 CardTable entry size: 512
 Card Set container configuration: InlinePtr #cards 4 size 8 Array Of Cards #cards 32 size 80 Howl #buckets 8 coarsen threshold 7372 Howl Bitmap #cards 1024 size 144 coarsen threshold 921 Card regions per heap region 1 cards per card region 8192

Heap:
 garbage-first heap   total 0K, used 0K [0x0000000682000000, 0x0000000800000000)
  region size 4096K, 0 young (0K), 0 survivors (0K)

[error occurred during error reporting (printing heap information), id 0xc0000005, EXCEPTION_ACCESS_VIOLATION (0xc0000005) at pc=0x00007fff535039f9]
GC Heap History (0 events):
No events

Dll operation events (1 events):
Event: 0.011 Loaded shared library C:\Users\aygar\.jdks\openjdk-21.0.2\bin\java.dll

Deoptimization events (0 events):
No events

Classes loaded (0 events):
No events

Classes unloaded (0 events):
No events

Classes redefined (0 events):
No events

Internal exceptions (0 events):
No events

ZGC Phase Switch (0 events):
No events

VM Operations (0 events):
No events

Events (0 events):
No events


Dynamic libraries:
0x00007ff6194b0000 - 0x00007ff6194be000 	C:\Users\aygar\.jdks\openjdk-21.0.2\bin\java.exe
0x00007ffff9a50000 - 0x00007ffff9c48000 	C:\WINDOWS\SYSTEM32\ntdll.dll
0x00007fffa0610000 - 0x00007fffa0630000 	C:\Program Files\Avast Software\Avast\aswhook.dll
0x00007ffff82a0000 - 0x00007ffff8362000 	C:\WINDOWS\System32\KERNEL32.DLL
0x00007ffff7260000 - 0x00007ffff7556000 	C:\WINDOWS\System32\KERNELBASE.dll
0x00007ffff70e0000 - 0x00007ffff71e0000 	C:\WINDOWS\System32\ucrtbase.dll
0x00007ffff1670000 - 0x00007ffff168b000 	C:\Users\aygar\.jdks\openjdk-21.0.2\bin\VCRUNTIME140.dll
0x00007fffd5d70000 - 0x00007fffd5d88000 	C:\Users\aygar\.jdks\openjdk-21.0.2\bin\jli.dll
0x00007ffff8100000 - 0x00007ffff829d000 	C:\WINDOWS\System32\USER32.dll
0x00007ffff7920000 - 0x00007ffff7942000 	C:\WINDOWS\System32\win32u.dll
0x00007fffdd480000 - 0x00007fffdd71a000 	C:\WINDOWS\WinSxS\amd64_microsoft.windows.common-controls_6595b64144ccf1df_6.0.19041.4355_none_60b8b9eb71f62e16\COMCTL32.dll
0x00007ffff8020000 - 0x00007ffff804b000 	C:\WINDOWS\System32\GDI32.dll
0x00007ffff7950000 - 0x00007ffff7a6a000 	C:\WINDOWS\System32\gdi32full.dll
0x00007ffff9600000 - 0x00007ffff969e000 	C:\WINDOWS\System32\msvcrt.dll
0x00007ffff7690000 - 0x00007ffff772d000 	C:\WINDOWS\System32\msvcp_win.dll
0x00007ffff84f0000 - 0x00007ffff851f000 	C:\WINDOWS\System32\IMM32.DLL
0x00007ffff3db0000 - 0x00007ffff3dbc000 	C:\Users\aygar\.jdks\openjdk-21.0.2\bin\vcruntime140_1.dll
0x00007fffce720000 - 0x00007fffce7ae000 	C:\Users\aygar\.jdks\openjdk-21.0.2\bin\msvcp140.dll
0x00007fff52de0000 - 0x00007fff53af7000 	C:\Users\aygar\.jdks\openjdk-21.0.2\bin\server\jvm.dll
0x00007ffff8050000 - 0x00007ffff80ff000 	C:\WINDOWS\System32\ADVAPI32.dll
0x00007ffff8e30000 - 0x00007ffff8ecf000 	C:\WINDOWS\System32\sechost.dll
0x00007ffff7a70000 - 0x00007ffff7b93000 	C:\WINDOWS\System32\RPCRT4.dll
0x00007ffff7610000 - 0x00007ffff7637000 	C:\WINDOWS\System32\bcrypt.dll
0x00007ffff8dc0000 - 0x00007ffff8e2b000 	C:\WINDOWS\System32\WS2_32.dll
0x00007ffff6af0000 - 0x00007ffff6b3b000 	C:\WINDOWS\SYSTEM32\POWRPROF.dll
0x00007fffe1c20000 - 0x00007fffe1c47000 	C:\WINDOWS\SYSTEM32\WINMM.dll
0x00007fffecd30000 - 0x00007fffecd3a000 	C:\WINDOWS\SYSTEM32\VERSION.dll
0x00007ffff6ad0000 - 0x00007ffff6ae2000 	C:\WINDOWS\SYSTEM32\UMPDC.dll
0x00007ffff4f20000 - 0x00007ffff4f32000 	C:\WINDOWS\SYSTEM32\kernel.appcore.dll
0x00007fffd5e80000 - 0x00007fffd5e8a000 	C:\Users\aygar\.jdks\openjdk-21.0.2\bin\jimage.dll
0x00007fffeba00000 - 0x00007fffebbe4000 	C:\WINDOWS\SYSTEM32\DBGHELP.DLL
0x00007fffe99a0000 - 0x00007fffe99d4000 	C:\WINDOWS\SYSTEM32\dbgcore.DLL
0x00007ffff7890000 - 0x00007ffff7912000 	C:\WINDOWS\System32\bcryptPrimitives.dll
0x00007fffc8e60000 - 0x00007fffc8e9c000 	C:\Users\aygar\.jdks\openjdk-21.0.2\bin\jdwp.dll
0x00007fffd22d0000 - 0x00007fffd22ef000 	C:\Users\aygar\.jdks\openjdk-21.0.2\bin\java.dll

dbghelp: loaded successfully - version: 4.0.5 - missing functions: none
symbol engine: initialized successfully - sym options: 0x614 - pdb path: .;C:\Users\aygar\.jdks\openjdk-21.0.2\bin;C:\WINDOWS\SYSTEM32;C:\Program Files\Avast Software\Avast;C:\WINDOWS\WinSxS\amd64_microsoft.windows.common-controls_6595b64144ccf1df_6.0.19041.4355_none_60b8b9eb71f62e16;C:\Users\aygar\.jdks\openjdk-21.0.2\bin\server

VM Arguments:
jvm_args: -Dspring.profiles.active=local -agentlib:jdwp=transport=dt_socket,server=n,suspend=y,address=127.0.0.1:60987 -Dfile.encoding=windows-1254 -Duser.country=TR -Duser.language=tr -Duser.variant 
java_command: com.game.find.word.Application
java_class_path (initial): C:\Users\aygar\Desktop\ekis\find.word\build\classes\java\main;C:\Users\aygar\Desktop\ekis\find.word\build\resources\main;C:\Users\aygar\.gradle\caches\modules-2\files-2.1\org.springframework.boot\spring-boot-starter-data-mongodb\3.5.5\5b157d8d37a247af2fe56473566c5eb9eb2a8ee7\spring-boot-starter-data-mongodb-3.5.5.jar;C:\Users\aygar\.gradle\caches\modules-2\files-2.1\org.springframework.boot\spring-boot-starter-web\3.5.5\b9039cd5aa1feda2cfbd487233e343f66627f78f\spring-boot-starter-web-3.5.5.jar;C:\Users\aygar\.gradle\caches\modules-2\files-2.1\org.springframework.boot\spring-boot-starter-security\3.5.5\d46f4927ef806fbbb509da0fbeabc9274163ef4c\spring-boot-starter-security-3.5.5.jar;C:\Users\aygar\.gradle\caches\modules-2\files-2.1\io.jsonwebtoken\jjwt-jackson\0.12.6\f141e0c1136ba17f2632858238a31ae05642dbf8\jjwt-jackson-0.12.6.jar;C:\Users\aygar\.gradle\caches\modules-2\files-2.1\org.springframework.boot\spring-boot-starter-json\3.5.5\316736898ceac2a806e08e981ea059c78b982383\spring-boot-starter-json-3.5.5.jar;C:\Users\aygar\.gradle\caches\modules-2\files-2.1\org.springdoc\springdoc-openapi-starter-webmvc-ui\2.8.0\390509de5d090f3ad017c97500e6fdcfc3487196\springdoc-openapi-starter-webmvc-ui-2.8.0.jar;C:\Users\aygar\.gradle\caches\modules-2\files-2.1\org.springdoc\springdoc-openapi-starter-webmvc-api\2.8.0\d6ac493de2954cc1c045366f3f466e0201e07960\springdoc-openapi-starter-webmvc-api-2.8.0.jar;C:\Users\aygar\.gradle\caches\modules-2\files-2.1\org.springdoc\springdoc-openapi-starter-common\2.8.0\af03c508876f5c0e3aa5cb05c76cf787a7b684f8\springdoc-openapi-starter-common-2.8.0.jar;C:\Users\aygar\.gradle\caches\modules-2\files-2.1\io.swagger.core.v3\swagger-core-jakarta\2.2.27\d6f4ce930c64dc653b3448412fd2cb600974657a\swagger-core-jakarta-2.2.27.jar;C:\Users\aygar\.gradle\caches\modules-2\files-2.1\com.fasterxml.jackson.datatype\jackson-datatype-jsr310\2.19.2\72e73f048b36d9df82aef146bf8b2ae63b2e28e2\jackson-datatype-jsr310-2.19.2.jar;C:\Users\aygar\.gradle\caches\modules-2\files-2.1\com.fasterxml.jackson.module\jackson-module-parameter-names\2.19.2\3c4ce467c11364c72ec4967c570fd5a2d1be1d0b\jackson-module-parameter-names-2.19.2.jar;C:\Users\aygar\.gradle\caches\modules-2\files-2.1\io.swagger.core.v3\swagger-models-jakarta\2.2.27\f59b7c434d6324b7b326580caef7b0ccd9b4e26d\swagger-models-jakarta-2.2.27.jar;C:\Users\aygar\.gradle\caches\modules-2\files-2.1\com.fasterxml.jackson.core\jackson-annotations\2.19.2\c5381f11988ae3d424b197a26087d86067b6d7d\jackson-annotations-2.19.2.jar;C:\Users\aygar\.gradle\caches\modules-2\files-2.1\com.fasterxml.jackson.dataformat\jackson-dataformat-yaml\2.19.2\ba1079940daa609061e46c80b72c5546c4718401\jackson-dataformat-yaml-2.19.2.jar;C:\Users\aygar\.gradle\caches\modules-2\files-2.1\com.fasterxml.jackson.core\jackson-core\2.19.2\50f3b4bd59b9ff51a0ed493e7b5abaf5c39709bf\jackson-core-2.19.2.jar;C:\Users\aygar\.gradle\caches\modules-2\files-2.1\com.fasterxml.jackson.datatype\jackson-datatype-jdk8\2.19.2\a720d3946c3a1ab04b780f3b3163d62eee6948a0\jackson-datatype-jdk8-2.19.2.jar;C:\Users\aygar\.gradle\caches\modules-2\files-2.1\com.fasterxml.jackson.core\jackson-databind\2.15.2\9353b021f10c307c00328f52090de2bdb4b6ff9c\jackson-databind-2.15.2.jar;C:\Users\aygar\.gradle\caches\modules-2\files-2.1\io.jsonwebtoken\jjwt-impl\0.12.6\ac23673a84b6089e0369fb8ab2c69edd91cd6eb0\jjwt-impl-0.12.6.jar;C:\Users\aygar\.gradle\caches\modules-2\files-2.1\io.jsonwebtoken\jjwt-api\0.12.6\478886a888f6add04937baf0361144504a024967\jjwt-api-0.12.6.jar;C:\Users\aygar\.gradle\caches\modules-2\files-2.1\org.springframework.boot\spring-boot-starter\3.5.5\f0e27ab73519ebebfc72c9b16ccde342cc9f599d\spring-boot-starter-3.5.5.jar;C:\Users\aygar\.gradle\caches\modules-2\files-2.1\org.mongodb\mongodb-driver-sync\5.5.1\7e8d22f9567868a73eede1bcb281e4f87537626c\mongodb-driver-sync-5.5.1.jar;C:\Users\aygar\.gradle\caches\modules-2\files-2.1\org.springframework.data\spring-data-mongodb\4.5.3\a5b994775dab43a47dc428848cad293d44b8f992\spring-data-mongodb-4.5.3.jar;C:\Users\aygar\.gradle\caches\modules-2\files-2.1\org.springframework.boot\spring-boot-starter-tomcat\3.5.5\c1342d34e6eeee72d98675d413ae2e925ea22852\spring-boot-starter-tomcat-3.5.5.jar;C:\Users\aygar\.gradle\caches\modules-2\files-2.1\org.springframework\spring-webmvc\6.2.10\d3491aedc2636378cd273f6266d49f43a8b3e241\spring-webmvc-6.2.10.jar;C:\Users\aygar\.gradle\caches\modules-2\files-2.1\org.springframework.security\spring-security-web\6.5.3\29e50540ef987241f13ece8aa4297c524cdca5ed\spring-security-web-6.5.3.jar;C:\Users\aygar\.gradle\caches\modules-2\files-2.1\org.springframework\spring-web\6.2.10\38c2f6633a44b385b6263294c38e5a4f217c005c\spring-web-6.2.10.jar;C:\Users\aygar\.gradle\caches\modules-2\files-2.1\org.springframework.security\spring-security-config\6.5.3\3f6b50fd0d0bd61dc1bc4e49c055b6995c47c2a3\spring-security-config-6.5.3.jar;C:\Users\aygar\.gradle\caches\modules-2\files-2.1\org.springframework.boot\spring-boot-autoconfigure\3.5.5\348f4fb99d61a1ea039a44ec667b61657adb54b2\spring-boot-autoconfigure-3.5.5.jar;C:\Users\aygar\.gradle\caches\modules-2\files-2.1\org.springframework.boot\spring-boot\3.5.5\7d50b76ea4905d6c61fea5cb6556bc735c55da1\spring-boot-3.5.5.jar;C:\Users\aygar\.gradle\caches\modules-2\files-2.1\org.springframework.security\spring-security-core\6.5.3\1f526b23fad4f4db5c8cc1c30eed7abb82d32702\spring-security-core-6.5.3.jar;C:\Users\aygar\.gradle\caches\modules-2\files-2.1\org.springframework\spring-context\6.2.10\80464a79539a19a00e32eccb041670f34857fe7\spring-context-6.2.10.jar;C:\Users\aygar\.gradle\caches\modules-2\files-2.1\org.springframework\spring-aop\6.2.10\2b194c29deaadb71a8a8e5b8b41d9521c29a0d66\spring-aop-6.2.10.jar;C:\Users\aygar\.gradle\caches\modules-2\files-2.1\org.webjars\swagger-ui\5.18.2\368118833fc82beedbc17783972c836aa22e0872\swagger-ui-5.18.2.jar;C:\Users\aygar\.gradle\caches\modules-2\files-2.1\org.webjars\webjars-locator-lite\1.1.0\4aaeaa0cdaabb6c72a98894f0faf41037a907115\webjars-locator-lite-1.1.0.jar;C:\Users\aygar\.gradle\caches\modules-2\files-2.1\org.springframework.boot\spring-boot-starter-logging\3.5.5\981750c503485e442e37b7cac1dc19c5ddfc6d58\spring-boot-starter-logging-3.5.5.jar;C:\Users\aygar\.gradle\caches\modules-2\files-2.1\jakarta.annotation\jakarta.annotation-api\2.1.1\48b9bda22b091b1f48b13af03fe36db3be6e1ae3\jakarta.annotation-api-2.1.1.jar;C:\Users\aygar\.gradle\caches\modules-2\files-2.1\org.springframework\spring-tx\6.2.10\bd4915d9862f127b45bae75195622d84f36a5373\spring-tx-6.2.10.jar;C:\Users\aygar\.gradle\caches\modules-2\files-2.1\org.springframework.data\spring-data-commons\3.5.3\886e56cfc383f757f057901dc7c448d8dcc73fed\spring-data-commons-3.5.3.jar;C:\Users\aygar\.gradle\caches\modules-2\files-2.1\org.springframework\spring-beans\6.2.10\88ffda89593a74bb356a96ea2ed235ec6e083cfa\spring-beans-6.2.10.jar;C:\Users\aygar\.gradle\caches\modules-2\files-2.1\org.springframework\spring-expression\6.2.10\16bdfead8a73673e395441c14b1868a128fc87c2\spring-expression-6.2.10.jar;C:\Users\aygar\.gradle\caches\modules-2\files-2.1\org.springframework\spring-core\6.2.10\82d9c797f9147b643ac0aab8a1a40e96f8d8a737\spring-core-6.2.10.jar;C:\Users\aygar\.gradle\caches\modules-2\files-2.1\org.yaml\snakeyaml\2.4\e0666b825b796f85521f02360e77f4c92c5a7a07\snakeyaml-2.4.jar;C:\Users\aygar\.gradle\caches\modules-2\files-2.1\org.mongodb\mongodb-driver-core\5.5.1\8e4056228072c05edec24f325cca34194983ad84\mongodb-driver-core-5.5.1.jar;C:\Users\aygar\.gradle\caches\modules-2\files-2.1\org.mongodb\bson-record-codec\5.5.1\ff3e62ca21ffa6fcdffc45d3780ffee0543a3b05\bson-record-codec-5.5.1.jar;C:\Users\aygar\.gradle\caches\modules-2\files-2.1\org.mongodb\bson\5.5.1\58d899dce48b970ee25995802f78d828bae4a1b6\bson-5.5.1.jar;C:\Users\aygar\.gradle\caches\modules-2\files-2.1\ch.qos.logback\logback-classic\1.5.18\fc371f3fc97a639de2d67947cffb7518ec5e3d40\logback-classic-1.5.18.jar;C:\Users\aygar\.gradle\caches\modules-2\files-2.1\org.apache.logging.log4j\log4j-to-slf4j\2.24.3\da1143e2a2531ee1c2d90baa98eb50a28a39d5a7\log4j-to-slf4j-2.24.3.jar;C:\Users\aygar\.gradle\caches\modules-2\files-2.1\org.slf4j\jul-to-slf4j\2.0.17\524cb6ccc2b68a57604750e1ab8b13b5a786a6aa\jul-to-slf4j-2.0.17.jar;C:\Users\aygar\.gradle\caches\modules-2\files-2.1\org.slf4j\slf4j-api\2.0.17\d9e58ac9c7779ba3bf8142aff6c830617a7fe60f\slf4j-api-2.0.17.jar;C:\Users\aygar\.gradle\caches\modules-2\files-2.1\org.apache.tomcat.embed\tomcat-embed-websocket\10.1.44\1966a8224858c4b4480469bfcdcaa3f8faf59cc7\tomcat-embed-websocket-10.1.44.jar;C:\Users\aygar\.gradle\caches\modules-2\files-2.1\org.apache.tomcat.embed\tomcat-embed-core\10.1.44\5e18d00936ca925c9249f1a8e77c0e8adf1d6287\tomcat-embed-core-10.1.44.jar;C:\Users\aygar\.gradle\caches\modules-2\files-2.1\org.apache.tomcat.embed\tomcat-embed-el\10.1.44\6ee7685651c5eba1f4bef99f9dbb38b89d1a6cb6\tomcat-embed-el-10.1.44.jar;C:\Users\aygar\.gradle\caches\modules-2\files-2.1\io.micrometer\micrometer-observation\1.15.3\e95d07e329f6d3ecb15a6ba1c5d96c25b9df0a97\micrometer-observation-1.15.3.jar;C:\Users\aygar\.gradle\caches\modules-2\files-2.1\org.jspecify\jspecify\1.0.0\7425a601c1c7ec76645a78d22b8c6a627edee507\jspecify-1.0.0.jar;C:\Users\aygar\.gradle\caches\modules-2\files-2.1\org.springframework\spring-jcl\6.2.10\9ff7e998fe11d991f6b7fd000a0c6583c9e6ffee\spring-jcl-6.2.10.jar;C:\Users\aygar\.gradle\caches\modules-2\files-2.1\io.micrometer\micrometer-commons\1.15.3\3a97060d64a54daa11f14365aebc559fa8820281\micrometer-commons-1.15.3.jar;C:\Users\aygar\.gradle\caches\modules-2\files-2.1\org.springframework.security\spring-security-crypto\6.5.3\b120779667b42a1a412aa0e4426dfab5287f2d5a\spring-security-crypto-6.5.3.jar;C:\Users\aygar\.gradle\caches\modules-2\files-2.1\ch.qos.logback\logback-core\1.5.18\6c0375624f6f36b4e089e2488ba21334a11ef13f\logback-core-1.5.18.jar;C:\Users\aygar\.gradle\caches\modules-2\files-2.1\org.apache.logging.log4j\log4j-api\2.24.3\b02c125db8b6d295adf72ae6e71af5d83bce2370\log4j-api-2.24.3.jar;C:\Users\aygar\.gradle\caches\modules-2\files-2.1\org.apache.commons\commons-lang3\3.17.0\b17d2136f0460dcc0d2016ceefca8723bdf4ee70\commons-lang3-3.17.0.jar;C:\Users\aygar\.gradle\caches\modules-2\files-2.1\io.swagger.core.v3\swagger-annotations-jakarta\2.2.27\26983d1c4ebec171859a8861f45fefc842d712e0\swagger-annotations-jakarta-2.2.27.jar;C:\Users\aygar\.gradle\caches\modules-2\files-2.1\jakarta.xml.bind\jakarta.xml.bind-api\4.0.2\6cd5a999b834b63238005b7144136379dc36cad2\jakarta.xml.bind-api-4.0.2.jar;C:\Users\aygar\.gradle\caches\modules-2\files-2.1\jakarta.validation\jakarta.validation-api\3.0.2\92b6631659ba35ca09e44874d3eb936edfeee532\jakarta.validation-api-3.0.2.jar;C:\Users\aygar\.gradle\caches\modules-2\files-2.1\jakarta.activation\jakarta.activation-api\2.1.3\fa165bd70cda600368eee31555222776a46b881f\jakarta.activation-api-2.1.3.jar
Launcher Type: SUN_STANDARD

[Global flags]
     intx CICompilerCount                          = 4                                         {product} {ergonomic}
     uint ConcGCThreads                            = 3                                         {product} {ergonomic}
     uint G1ConcRefinementThreads                  = 10                                        {product} {ergonomic}
   size_t G1HeapRegionSize                         = 4194304                                   {product} {ergonomic}
    uintx GCDrainStackTargetSize                   = 64                                        {product} {ergonomic}
   size_t InitialHeapSize                          = 402653184                                 {product} {ergonomic}
   size_t MarkStackSize                            = 4194304                                   {product} {ergonomic}
   size_t MaxHeapSize                              = 6408896512                                {product} {ergonomic}
   size_t MinHeapDeltaBytes                        = 4194304                                   {product} {ergonomic}
   size_t MinHeapSize                              = 8388608                                   {product} {ergonomic}
    uintx NonNMethodCodeHeapSize                   = 5839372                                {pd product} {ergonomic}
    uintx NonProfiledCodeHeapSize                  = 122909434                              {pd product} {ergonomic}
    uintx ProfiledCodeHeapSize                     = 122909434                              {pd product} {ergonomic}
    uintx ReservedCodeCacheSize                    = 251658240                              {pd product} {ergonomic}
     bool SegmentedCodeCache                       = true                                      {product} {ergonomic}
   size_t SoftMaxHeapSize                          = 6408896512                             {manageable} {ergonomic}
     bool UseCompressedOops                        = true                           {product lp64_product} {ergonomic}
     bool UseG1GC                                  = true                                      {product} {ergonomic}
     bool UseLargePagesIndividualAllocation        = false                                  {pd product} {ergonomic}

Logging:
Log output configuration:
 #0: stdout all=warning uptime,level,tags foldmultilines=false
 #1: stderr all=off uptime,level,tags foldmultilines=false

Environment Variables:
JAVA_HOME=C:\Program Files\Java\jdk1.8.0_181
PATH=C:\Program Files\Java\jdk1.8.0_181\bin;C:\Program Files\Common Files\Oracle\Java\javapath;C:\Program Files (x86)\Common Files\Oracle\Java\javapath;C:\Program Files (x86)\Intel\Intel(R) Management Engine Components\iCLS\;C:\Program Files\Intel\Intel(R) Management Engine Components\iCLS\;C:\Windows\system32;C:\Windows;C:\Windows\System32\Wbem;C:\Windows\System32\WindowsPowerShell\v1.0\;C:\Windows\System32\OpenSSH\;C:\Program Files (x86)\NVIDIA Corporation\PhysX\Common;C:\Program Files\Intel\WiFi\bin\;C:\Program Files\Common Files\Intel\WirelessCommon\;C:\Program Files (x86)\Intel\Intel(R) Management Engine Components\DAL;C:\Program Files\Intel\Intel(R) Management Engine Components\DAL;C:\Program Files\Git\cmd;C:\WINDOWS\system32;C:\WINDOWS;C:\WINDOWS\System32\Wbem;C:\WINDOWS\System32\WindowsPowerShell\v1.0\;C:\WINDOWS\System32\OpenSSH\;C:\Program Files (x86)\Yarn\bin\;C:\Program Files\nodejs\;C:\Program Files\Docker\Docker\resources\bin;C:\Users\aygar\AppData\Local\Microsoft\WindowsApps;C:\Program Files\Intel\WiFi\bin\;C:\Program Files\Common Files\Intel\WirelessCommon\;C:\Users\aygar\AppData\Local\Programs\Microsoft VS Code\bin;C:\Users\aygar\AppData\Local\Yarn\bin;C:\Users\aygar\AppData\Roaming\npm;C:\Users\aygar\AppData\Local\Programs\cursor\resources\app\bin
USERNAME=aygar
OS=Windows_NT
PROCESSOR_IDENTIFIER=Intel64 Family 6 Model 158 Stepping 10, GenuineIntel
TMP=C:\Users\aygar\AppData\Local\Temp
TEMP=C:\Users\aygar\AppData\Local\Temp




Periodic native trim disabled

---------------  S Y S T E M  ---------------

OS:
 Windows 10 , 64 bit Build 19041 (10.0.19041.5678)
OS uptime: 2 days 0:29 hours
Hyper-V role detected

CPU: total 12 (initial active 12) (6 cores per cpu, 2 threads per core) family 6 model 158 stepping 10 microcode 0xb4, cx8, cmov, fxsr, ht, mmx, 3dnowpref, sse, sse2, sse3, ssse3, sse4.1, sse4.2, popcnt, lzcnt, tsc, tscinvbit, avx, avx2, aes, erms, clmul, bmi1, bmi2, adx, fma, vzeroupper, clflush, clflushopt, hv, rdtscp, f16c
Processor Information for all 12 processors :
  Max Mhz: 2201, Current Mhz: 2201, Mhz Limit: 2201

Memory: 4k page, system-wide physical 24447M (3460M free)
TotalPageFile size 54895M (AvailPageFile size 310M)
current process WorkingSet (physical memory assigned to process): 11M, peak: 11M
current process commit charge ("private bytes"): 64M, peak: 448M

vm_info: OpenJDK 64-Bit Server VM (21.0.2+13-58) for windows-amd64 JRE (21.0.2+13-58), built on 2024-01-05T18:32:24Z by "mach5one" with MS VC++ 17.1 (VS2022)

END.
