#
# There is insufficient memory for the Java Runtime Environment to continue.
# Native memory allocation (mmap) failed to map 402653184 bytes for G1 virtual space
# Possible reasons:
#   The system is out of physical RAM or swap space
#   The process is running with CompressedOops enabled, and the Java Heap may be blocking the growth of the native heap
# Possible solutions:
#   Reduce memory load on the system
#   Increase physical memory or swap space
#   Check if swap backing store is full
#   Decrease Java heap size (-Xmx/-Xms)
#   Decrease number of Java threads
#   Decrease Java thread stack sizes (-Xss)
#   Set larger code cache with -XX:ReservedCodeCacheSize=
#   JVM is running with Zero Based Compressed Oops mode in which the Java heap is
#     placed in the first 32GB address space. The Java Heap base address is the
#     maximum limit for the native heap growth. Please use -XX:HeapBaseMinAddress
#     to set the Java Heap base and to place the Java Heap above 32GB virtual address.
# This output file may be truncated or incomplete.
#
#  Out of Memory Error (os_windows.cpp:3600), pid=7340, tid=18908
#
# JRE version:  (21.0.2+13) (build )
# Java VM: OpenJDK 64-Bit Server VM (21.0.2+13-58, mixed mode, sharing, tiered, compressed oops, compressed class ptrs, g1 gc, windows-amd64)
# No core dump will be written. Minidumps are not enabled by default on client versions of Windows
#

---------------  S U M M A R Y ------------

Command Line: -Dnet.bytebuddy.agent.attacher.dump= reactor.tools.shaded.net.bytebuddy.agent.Attacher com.sun.tools.attach.VirtualMachine 5716 C:\Users\aygar\AppData\Local\Temp\byteBuddyAgent3647025598126027168.jar false 

Host: Intel(R) Core(TM) i7-8750H CPU @ 2.20GHz, 12 cores, 23G,  Windows 10 , 64 bit Build 19041 (10.0.19041.5678)
Time: Tue May 27 21:17:35 2025 Türkiye Standart Saati elapsed time: 0.013044 seconds (0d 0h 0m 0s)

---------------  T H R E A D  ---------------

Current thread (0x0000029ae1820890):  JavaThread "Unknown thread" [_thread_in_vm, id=18908, stack(0x000000e71a500000,0x000000e71a600000) (1024K)]

Stack: [0x000000e71a500000,0x000000e71a600000]
Native frames: (J=compiled Java code, j=interpreted, Vv=VM code, C=native code)
V  [jvm.dll+0x6cade9]
V  [jvm.dll+0x8569c1]
V  [jvm.dll+0x858d2e]
V  [jvm.dll+0x859413]
V  [jvm.dll+0x280e56]
V  [jvm.dll+0x6c74d5]
V  [jvm.dll+0x6bbeca]
V  [jvm.dll+0x355bca]
V  [jvm.dll+0x35d816]
V  [jvm.dll+0x3ae67e]
V  [jvm.dll+0x3ae928]
V  [jvm.dll+0x3295dc]
V  [jvm.dll+0x32a16b]
V  [jvm.dll+0x81efa9]
V  [jvm.dll+0x3bba01]
V  [jvm.dll+0x807928]
V  [jvm.dll+0x44f50e]
V  [jvm.dll+0x450e11]
C  [jli.dll+0x52a3]
C  [ucrtbase.dll+0x21bb2]
C  [KERNEL32.DLL+0x17374]
C  [ntdll.dll+0x4cc91]


---------------  P R O C E S S  ---------------

Threads class SMR info:
_java_thread_list=0x00007ffb54b7bb88, length=0, elements={
}

Java Threads: ( => current thread )
Total: 0

Other Threads:
  0x0000029ae3a1dbf0 WorkerThread "GC Thread#0"                     [id=26408, stack(0x000000e71a600000,0x000000e71a700000) (1024K)]
  0x0000029ae3a4b840 ConcurrentGCThread "G1 Main Marker"            [id=23116, stack(0x000000e71a700000,0x000000e71a800000) (1024K)]
  0x0000029ae3a4c9f0 WorkerThread "G1 Conc#0"                       [id=32684, stack(0x000000e71a800000,0x000000e71a900000) (1024K)]

[error occurred during error reporting (printing all threads), id 0xc0000005, EXCEPTION_ACCESS_VIOLATION (0xc0000005) at pc=0x00007ffb542ec6a7]
VM state: not at safepoint (not fully initialized)

VM Mutex/Monitor currently owned by a thread:  ([mutex/lock_event])
[0x00007ffb54bece68] Heap_lock - owner thread: 0x0000029ae1820890

Heap address: 0x0000000681800000, size: 6120 MB, Compressed Oops mode: Zero based, Oop shift amount: 3

CDS archive(s) mapped at: [0x0000000000000000-0x0000000000000000-0x0000000000000000), size 0, SharedBaseAddress: 0x0000000800000000, ArchiveRelocationMode: 1.
Narrow klass base: 0x0000000000000000, Narrow klass shift: 0, Narrow klass range: 0x0

GC Precious Log:
 CardTable entry size: 512
 Card Set container configuration: InlinePtr #cards 4 size 8 Array Of Cards #cards 32 size 80 Howl #buckets 8 coarsen threshold 7372 Howl Bitmap #cards 1024 size 144 coarsen threshold 921 Card regions per heap region 1 cards per card region 8192

Heap:
 garbage-first heap   total 0K, used 0K [0x0000000681800000, 0x0000000800000000)
  region size 4096K, 0 young (0K), 0 survivors (0K)

[error occurred during error reporting (printing heap information), id 0xc0000005, EXCEPTION_ACCESS_VIOLATION (0xc0000005) at pc=0x00007ffb546d39f9]
GC Heap History (0 events):
No events

Dll operation events (1 events):
Event: 0.007 Loaded shared library C:\Users\aygar\.jdks\openjdk-21.0.2\bin\java.dll

Deoptimization events (0 events):
No events

Classes loaded (0 events):
No events

Classes unloaded (0 events):
No events

Classes redefined (0 events):
No events

Internal exceptions (0 events):
No events

ZGC Phase Switch (0 events):
No events

VM Operations (0 events):
No events

Events (0 events):
No events


Dynamic libraries:
0x00007ff6b58e0000 - 0x00007ff6b58ee000 	C:\Users\aygar\.jdks\openjdk-21.0.2\bin\java.exe
0x00007ffbcb130000 - 0x00007ffbcb328000 	C:\WINDOWS\SYSTEM32\ntdll.dll
0x00007ffbca400000 - 0x00007ffbca4c2000 	C:\WINDOWS\System32\KERNEL32.DLL
0x00007ffbc8c20000 - 0x00007ffbc8f16000 	C:\WINDOWS\System32\KERNELBASE.dll
0x00007ffbc8a70000 - 0x00007ffbc8b70000 	C:\WINDOWS\System32\ucrtbase.dll
0x00007ffbc07c0000 - 0x00007ffbc07db000 	C:\Users\aygar\.jdks\openjdk-21.0.2\bin\VCRUNTIME140.dll
0x00007ffbc1820000 - 0x00007ffbc1838000 	C:\Users\aygar\.jdks\openjdk-21.0.2\bin\jli.dll
0x00007ffbcad90000 - 0x00007ffbcaf2d000 	C:\WINDOWS\System32\USER32.dll
0x00007ffbc9120000 - 0x00007ffbc9142000 	C:\WINDOWS\System32\win32u.dll
0x00007ffbae4d0000 - 0x00007ffbae76a000 	C:\WINDOWS\WinSxS\amd64_microsoft.windows.common-controls_6595b64144ccf1df_6.0.19041.4355_none_60b8b9eb71f62e16\COMCTL32.dll
0x00007ffbc9580000 - 0x00007ffbc95ab000 	C:\WINDOWS\System32\GDI32.dll
0x00007ffbcacf0000 - 0x00007ffbcad8e000 	C:\WINDOWS\System32\msvcrt.dll
0x00007ffbc8fb0000 - 0x00007ffbc90ca000 	C:\WINDOWS\System32\gdi32full.dll
0x00007ffbc8920000 - 0x00007ffbc89bd000 	C:\WINDOWS\System32\msvcp_win.dll
0x00007ffbcb0c0000 - 0x00007ffbcb0ef000 	C:\WINDOWS\System32\IMM32.DLL
0x00007ffbc2db0000 - 0x00007ffbc2dbc000 	C:\Users\aygar\.jdks\openjdk-21.0.2\bin\vcruntime140_1.dll
0x00007ffba2a00000 - 0x00007ffba2a8e000 	C:\Users\aygar\.jdks\openjdk-21.0.2\bin\msvcp140.dll
0x00007ffb53fb0000 - 0x00007ffb54cc7000 	C:\Users\aygar\.jdks\openjdk-21.0.2\bin\server\jvm.dll
0x00007ffbc92d0000 - 0x00007ffbc937f000 	C:\WINDOWS\System32\ADVAPI32.dll
0x00007ffbc91c0000 - 0x00007ffbc925f000 	C:\WINDOWS\System32\sechost.dll
0x00007ffbc9450000 - 0x00007ffbc9573000 	C:\WINDOWS\System32\RPCRT4.dll
0x00007ffbc89c0000 - 0x00007ffbc89e7000 	C:\WINDOWS\System32\bcrypt.dll
0x00007ffbc9f40000 - 0x00007ffbc9fab000 	C:\WINDOWS\System32\WS2_32.dll
0x00007ffbc8140000 - 0x00007ffbc818b000 	C:\WINDOWS\SYSTEM32\POWRPROF.dll
0x00007ffbbee90000 - 0x00007ffbbee9a000 	C:\WINDOWS\SYSTEM32\VERSION.dll
0x00007ffbb8d60000 - 0x00007ffbb8d87000 	C:\WINDOWS\SYSTEM32\WINMM.dll
0x00007ffbc8120000 - 0x00007ffbc8132000 	C:\WINDOWS\SYSTEM32\UMPDC.dll
0x00007ffbc6600000 - 0x00007ffbc6612000 	C:\WINDOWS\SYSTEM32\kernel.appcore.dll
0x00007ffbc1800000 - 0x00007ffbc180a000 	C:\Users\aygar\.jdks\openjdk-21.0.2\bin\jimage.dll
0x00007ffbbe060000 - 0x00007ffbbe244000 	C:\WINDOWS\SYSTEM32\DBGHELP.DLL
0x00007ffbbdca0000 - 0x00007ffbbdcd4000 	C:\WINDOWS\SYSTEM32\dbgcore.DLL
0x00007ffbc8f20000 - 0x00007ffbc8fa2000 	C:\WINDOWS\System32\bcryptPrimitives.dll
0x00007ffbc0670000 - 0x00007ffbc068f000 	C:\Users\aygar\.jdks\openjdk-21.0.2\bin\java.dll

dbghelp: loaded successfully - version: 4.0.5 - missing functions: none
symbol engine: initialized successfully - sym options: 0x614 - pdb path: .;C:\Users\aygar\.jdks\openjdk-21.0.2\bin;C:\WINDOWS\SYSTEM32;C:\WINDOWS\WinSxS\amd64_microsoft.windows.common-controls_6595b64144ccf1df_6.0.19041.4355_none_60b8b9eb71f62e16;C:\Users\aygar\.jdks\openjdk-21.0.2\bin\server

VM Arguments:
jvm_args: -Dnet.bytebuddy.agent.attacher.dump= 
java_command: reactor.tools.shaded.net.bytebuddy.agent.Attacher com.sun.tools.attach.VirtualMachine 5716 C:\Users\aygar\AppData\Local\Temp\byteBuddyAgent3647025598126027168.jar false 
java_class_path (initial): C:\Users\aygar\.gradle\caches\modules-2\files-2.1\io.projectreactor\reactor-tools\3.7.4\2d5b745a7f4fcec452a5a70a1431989bb2021ecd\reactor-tools-3.7.4.jar
Launcher Type: SUN_STANDARD

[Global flags]
     intx CICompilerCount                          = 4                                         {product} {ergonomic}
     uint ConcGCThreads                            = 3                                         {product} {ergonomic}
     uint G1ConcRefinementThreads                  = 10                                        {product} {ergonomic}
   size_t G1HeapRegionSize                         = 4194304                                   {product} {ergonomic}
    uintx GCDrainStackTargetSize                   = 64                                        {product} {ergonomic}
   size_t InitialHeapSize                          = 402653184                                 {product} {ergonomic}
   size_t MarkStackSize                            = 4194304                                   {product} {ergonomic}
   size_t MaxHeapSize                              = 6417285120                                {product} {ergonomic}
   size_t MinHeapDeltaBytes                        = 4194304                                   {product} {ergonomic}
   size_t MinHeapSize                              = 8388608                                   {product} {ergonomic}
    uintx NonNMethodCodeHeapSize                   = 5839372                                {pd product} {ergonomic}
    uintx NonProfiledCodeHeapSize                  = 122909434                              {pd product} {ergonomic}
    uintx ProfiledCodeHeapSize                     = 122909434                              {pd product} {ergonomic}
    uintx ReservedCodeCacheSize                    = 251658240                              {pd product} {ergonomic}
     bool SegmentedCodeCache                       = true                                      {product} {ergonomic}
   size_t SoftMaxHeapSize                          = 6417285120                             {manageable} {ergonomic}
     bool UseCompressedOops                        = true                           {product lp64_product} {ergonomic}
     bool UseG1GC                                  = true                                      {product} {ergonomic}
     bool UseLargePagesIndividualAllocation        = false                                  {pd product} {ergonomic}

Logging:
Log output configuration:
 #0: stdout all=warning uptime,level,tags foldmultilines=false
 #1: stderr all=off uptime,level,tags foldmultilines=false

Environment Variables:
JAVA_HOME=C:\Program Files\Java\jdk1.8.0_181
PATH=C:\Program Files\Java\jdk1.8.0_181\bin;C:\Program Files\Common Files\Oracle\Java\javapath;C:\Program Files (x86)\Common Files\Oracle\Java\javapath;C:\Program Files (x86)\Intel\Intel(R) Management Engine Components\iCLS\;C:\Program Files\Intel\Intel(R) Management Engine Components\iCLS\;C:\Windows\system32;C:\Windows;C:\Windows\System32\Wbem;C:\Windows\System32\WindowsPowerShell\v1.0\;C:\Windows\System32\OpenSSH\;C:\Program Files (x86)\NVIDIA Corporation\PhysX\Common;C:\Program Files\Intel\WiFi\bin\;C:\Program Files\Common Files\Intel\WirelessCommon\;C:\Program Files (x86)\Intel\Intel(R) Management Engine Components\DAL;C:\Program Files\Intel\Intel(R) Management Engine Components\DAL;C:\Program Files\Git\cmd;C:\WINDOWS\system32;C:\WINDOWS;C:\WINDOWS\System32\Wbem;C:\WINDOWS\System32\WindowsPowerShell\v1.0\;C:\WINDOWS\System32\OpenSSH\;C:\Program Files (x86)\Yarn\bin\;C:\Program Files\nodejs\;C:\Program Files\Docker\Docker\resources\bin;C:\Users\aygar\AppData\Local\Microsoft\WindowsApps;C:\Program Files\Intel\WiFi\bin\;C:\Program Files\Common Files\Intel\WirelessCommon\;C:\Users\aygar\AppData\Local\Programs\Microsoft VS Code\bin;C:\Users\aygar\AppData\Local\Yarn\bin;C:\Users\aygar\AppData\Roaming\npm;C:\Users\aygar\AppData\Local\Programs\cursor\resources\app\bin
USERNAME=aygar
OS=Windows_NT
PROCESSOR_IDENTIFIER=Intel64 Family 6 Model 158 Stepping 10, GenuineIntel
TMP=C:\Users\aygar\AppData\Local\Temp
TEMP=C:\Users\aygar\AppData\Local\Temp




Periodic native trim disabled

---------------  S Y S T E M  ---------------

OS:
 Windows 10 , 64 bit Build 19041 (10.0.19041.5678)
OS uptime: 38 days 2:49 hours
Hyper-V role detected

CPU: total 12 (initial active 12) (6 cores per cpu, 2 threads per core) family 6 model 158 stepping 10 microcode 0xb4, cx8, cmov, fxsr, ht, mmx, 3dnowpref, sse, sse2, sse3, ssse3, sse4.1, sse4.2, popcnt, lzcnt, tsc, tscinvbit, avx, avx2, aes, erms, clmul, bmi1, bmi2, adx, fma, vzeroupper, clflush, clflushopt, hv, rdtscp, f16c
Processor Information for all 12 processors :
  Max Mhz: 2201, Current Mhz: 2200, Mhz Limit: 2178

Memory: 4k page, system-wide physical 24467M (1848M free)
TotalPageFile size 54914M (AvailPageFile size 295M)
current process WorkingSet (physical memory assigned to process): 10M, peak: 10M
current process commit charge ("private bytes"): 64M, peak: 448M

vm_info: OpenJDK 64-Bit Server VM (21.0.2+13-58) for windows-amd64 JRE (21.0.2+13-58), built on 2024-01-05T18:32:24Z by "mach5one" with MS VC++ 17.1 (VS2022)

END.
